<?xml version="1.0" encoding="UTF-8"?>
<oryxmodel>
<description/>
<type>BPMN 2.0</type>
<json-representation><![CDATA[{
  "resourceId": "canvas",
  "properties": {
    "name": "",
    "documentation": "",
    "auditing": "",
    "monitoring": "",
    "version": "",
    "author": "",
    "language": "English",
    "namespaces": "",
    "targetnamespace": "http://www.signavio.com/bpmn20",
    "expressionlanguage": "http://www.w3.org/1999/XPath",
    "typelanguage": "http://www.w3.org/2001/XMLSchema",
    "creationdate": "",
    "modificationdate": "",
    "orientation": "horizontal"
  },
  "stencil": {
    "id": "BPMNDiagram"
  },
  "childShapes": [
    {
      "resourceId": "sid-F3998B48-8B47-4EBF-9690-2459891DF29F",
      "properties": {
        "name": "Test Workflows",
        "documentation": "",
        "auditing": "",
        "monitoring": "",
        "boundaryvisible": true,
        "processname": "",
        "status": "None",
        "adhoc": "",
        "adhocordering": "Parallel",
        "adhoccompletioncondition": "",
        "suppressjoinfailure": "",
        "enableinstancecompensation": "",
        "processcategories": "",
        "processdocumentation": "",
        "multiinstance": "",
        "minimum": 2,
        "maximum": 2,
        "processtype": "None",
        "isclosed": "",
        "isexecutable": "",
        "bgcolor": "#ffffff",
        "bordercolor": "#000000",
        "processid": ""
      },
      "stencil": {
        "id": "Pool"
      },
      "childShapes": [
        {
          "resourceId": "sid-7A923A68-8A4D-47F1-9CCD-8584C3992369",
          "properties": {
            "name": "Test Runner",
            "documentation": "",
            "auditing": "",
            "monitoring": "",
            "bordercolor": "#000000",
            "parentpool": "",
            "parentlane": "",
            "showcaption": true,
            "bgcolor": ""
          },
          "stencil": {
            "id": "Lane"
          },
          "childShapes": [
            {
              "resourceId": "sid-2C69C7A6-BD02-428F-B5AA-0BB10EC514C2",
              "properties": {
                "name": "",
                "documentation": "",
                "auditing": "",
                "monitoring": "",
                "dataoutputassociations": "",
                "dataoutput": "",
                "outputset": "",
                "bgcolor": "#ffffff",
                "bordercolor": "#000000",
                "processid": "",
                "trigger": "None"
              },
              "stencil": {
                "id": "StartNoneEvent"
              },
              "childShapes": [],
              "outgoing": [
                {
                  "resourceId": "sid-6469A686-F148-4E90-81BB-5D3305421758"
                }
              ],
              "bounds": {
                "lowerRight": {
                  "x": 70,
                  "y": 80
                },
                "upperLeft": {
                  "x": 40,
                  "y": 50
                }
              },
              "dockers": []
            },
            {
              "resourceId": "sid-6A83C24E-9609-47CD-B595-BCFC30BBF790",
              "properties": {
                "processid": "",
                "name": "Select Test",
                "documentation": "",
                "auditing": "",
                "monitoring": "",
                "categories": "",
                "startquantity": 1,
                "completionquantity": 1,
                "isforcompensation": "",
                "assignments": "",
                "callacitivity": "",
                "tasktype": "User",
                "implementation": "webService",
                "resources": "",
                "messageref": "",
                "operationref": "",
                "instantiate": "",
                "script": "",
                "scriptformat": "",
                "bgcolor": "#ffffcc",
                "looptype": "None",
                "testbefore": "",
                "loopcondition": "",
                "loopmaximum": "",
                "loopcardinality": "",
                "loopdatainput": "",
                "loopdataoutput": "",
                "inputdataitem": "",
                "outputdataitem": "",
                "behavior": "all",
                "complexbehaviordefinition": "",
                "completioncondition": "",
                "onebehavioreventref:": "signal",
                "nonebehavioreventref": "signal",
                "properties": "",
                "datainputset": "",
                "dataoutputset": "",
                "operationname": "",
                "inmessagename": "",
                "inmsgitemkind": "Information",
                "inmsgstructure": "",
                "inmsgimport": "",
                "inmsgiscollection": "",
                "outmessagename": "",
                "outmsgitemkind": "Information",
                "outmsgstructure": "",
                "outmsgimport": "",
                "outmsgiscollection": "",
                "bordercolor": "#000000"
              },
              "stencil": {
                "id": "Task"
              },
              "childShapes": [],
              "outgoing": [
                {
                  "resourceId": "sid-0B133E7E-E6B3-4578-8F8F-1C9DA5D8A015"
                }
              ],
              "bounds": {
                "lowerRight": {
                  "x": 249,
                  "y": 105
                },
                "upperLeft": {
                  "x": 149,
                  "y": 25
                }
              },
              "dockers": []
            },
            {
              "resourceId": "sid-1192E625-131C-46FE-B872-20C4533EA7DE",
              "properties": {
                "name": "",
                "documentation": "",
                "auditing": "",
                "monitoring": "",
                "categories": "",
                "assignments": "",
                "pool": "",
                "lanes": "",
                "gates": "",
                "gates_outgoingsequenceflow": "",
                "gates_assignments": "",
                "bgcolor": "#ffffff",
                "processid": "",
                "gatewaytype": "XOR",
                "xortype": "Data",
                "markervisible": "true",
                "defaultgate": "",
                "gate_outgoingsequenceflow": "",
                "gate_assignments": "",
                "bordercolor": "#000000"
              },
              "stencil": {
                "id": "Exclusive_Databased_Gateway"
              },
              "childShapes": [],
              "outgoing": [
                {
                  "resourceId": "sid-9AD6C46B-BC40-4D3A-91E2-8E933EF9ADF0"
                },
                {
                  "resourceId": "sid-85975D4B-1DC8-4998-A7DF-6F9C31861EE7"
                },
                {
                  "resourceId": "sid-488CD0F1-E280-4BDE-B794-64CAF8C4FCA8"
                },
                {
                  "resourceId": "sid-ECE4F718-B986-45F1-8B0C-C0C1DAE66DB3"
                },
                {
                  "resourceId": "sid-BFCB2CAC-CE5B-4EA2-8A4D-339D7D5894A4"
                }
              ],
              "bounds": {
                "lowerRight": {
                  "x": 219,
                  "y": 202
                },
                "upperLeft": {
                  "x": 179,
                  "y": 162
                }
              },
              "dockers": []
            },
            {
              "resourceId": "sid-464B8E64-10B4-4158-BDEE-11144CE20306",
              "properties": {
                "name": "",
                "documentation": "",
                "auditing": "",
                "monitoring": "",
                "datainputassociations": "",
                "datainput": "",
                "inputset": "",
                "bgcolor": "#ffffff",
                "bordercolor": "#000000",
                "trigger": "None"
              },
              "stencil": {
                "id": "EndNoneEvent"
              },
              "childShapes": [],
              "outgoing": [],
              "bounds": {
                "lowerRight": {
                  "x": 328.5,
                  "y": 79
                },
                "upperLeft": {
                  "x": 300.5,
                  "y": 51
                }
              },
              "dockers": []
            },
            {
              "resourceId": "sid-7C7227E8-087F-4CB6-9B60-200B5D495886",
              "properties": {
                "name": "Messages",
                "documentation": "",
                "auditing": "",
                "monitoring": "",
                "categories": "",
                "startquantity": 1,
                "completionquantity": 1,
                "isforcompensation": "",
                "assignments": "",
                "callacitivity": true,
                "subprocesstype": "Embedded",
                "isatransaction": "",
                "transaction": "",
                "transactionmethod": "compensate",
                "isadhoc": "",
                "adhocordering": "Sequential",
                "adhoccompletioncondition": "",
                "adhoccancelremaininginstances": true,
                "entry": "Messages",
                "diagramref": "",
                "processref": "",
                "inputmaps": "",
                "outputmaps": "",
                "looptype": "None",
                "testbefore": "",
                "loopcondition": "",
                "loopmaximum": "",
                "loopcardinality": "",
                "loopdatainput": "",
                "loopdataoutput": "",
                "inputdataitem": "",
                "outputdataitem": "",
                "behavior": "all",
                "complexbehaviordefinition": "",
                "completioncondition": "",
                "onebehavioreventref:": "signal",
                "nonebehavioreventref": "signal",
                "bgcolor": "#ffffcc",
                "properties": "",
                "datainputset": "",
                "dataoutputset": "",
                "processid": "",
                "activitytype": "Sub-Process",
                "bordercolor": "#000000"
              },
              "stencil": {
                "id": "CollapsedSubprocess"
              },
              "childShapes": [],
              "outgoing": [
                {
                  "resourceId": "sid-36EA1BBD-FB84-4C19-AEFA-5C731F9C8789"
                }
              ],
              "bounds": {
                "lowerRight": {
                  "x": 510,
                  "y": 220
                },
                "upperLeft": {
                  "x": 395,
                  "y": 144
                }
              },
              "dockers": []
            },
            {
              "resourceId": "sid-983D0282-05EA-48F6-B02F-41BBD8DF538E",
              "properties": {
                "name": "Scripts",
                "documentation": "",
                "auditing": "",
                "monitoring": "",
                "categories": "",
                "startquantity": 1,
                "completionquantity": 1,
                "isforcompensation": "",
                "assignments": "",
                "callacitivity": true,
                "subprocesstype": "Embedded",
                "isatransaction": "",
                "transaction": "",
                "transactionmethod": "compensate",
                "isadhoc": "",
                "adhocordering": "Sequential",
                "adhoccompletioncondition": "",
                "adhoccancelremaininginstances": true,
                "entry": "Scripts",
                "diagramref": "",
                "processref": "",
                "inputmaps": "",
                "outputmaps": "",
                "looptype": "None",
                "testbefore": "",
                "loopcondition": "",
                "loopmaximum": "",
                "loopcardinality": "",
                "loopdatainput": "",
                "loopdataoutput": "",
                "inputdataitem": "",
                "outputdataitem": "",
                "behavior": "all",
                "complexbehaviordefinition": "",
                "completioncondition": "",
                "onebehavioreventref:": "signal",
                "nonebehavioreventref": "signal",
                "bgcolor": "#ffffcc",
                "properties": "",
                "datainputset": "",
                "dataoutputset": "",
                "processid": "",
                "activitytype": "Sub-Process",
                "bordercolor": "#000000"
              },
              "stencil": {
                "id": "CollapsedSubprocess"
              },
              "childShapes": [],
              "outgoing": [
                {
                  "resourceId": "sid-979356AC-A00F-456E-9790-39D512F50D3C"
                }
              ],
              "bounds": {
                "lowerRight": {
                  "x": 502.5,
                  "y": 327
                },
                "upperLeft": {
                  "x": 402.5,
                  "y": 247
                }
              },
              "dockers": []
            },
            {
              "resourceId": "sid-5A3ED200-8278-4D1F-9F84-B5E53B268133",
              "properties": {
                "name": "Message Interrupts",
                "documentation": "",
                "auditing": "",
                "monitoring": "",
                "categories": "",
                "startquantity": 1,
                "completionquantity": 1,
                "isforcompensation": "",
                "assignments": "",
                "callacitivity": true,
                "subprocesstype": "Embedded",
                "isatransaction": "",
                "transaction": "",
                "transactionmethod": "compensate",
                "isadhoc": "",
                "adhocordering": "Sequential",
                "adhoccompletioncondition": "",
                "adhoccancelremaininginstances": true,
                "entry": "Message Interrupts",
                "diagramref": "",
                "processref": "",
                "inputmaps": "",
                "outputmaps": "",
                "looptype": "None",
                "testbefore": "",
                "loopcondition": "",
                "loopmaximum": "",
                "loopcardinality": "",
                "loopdatainput": "",
                "loopdataoutput": "",
                "inputdataitem": "",
                "outputdataitem": "",
                "behavior": "all",
                "complexbehaviordefinition": "",
                "completioncondition": "",
                "onebehavioreventref:": "signal",
                "nonebehavioreventref": "signal",
                "bgcolor": "#ffffcc",
                "properties": "",
                "datainputset": "",
                "dataoutputset": "",
                "processid": "",
                "activitytype": "Sub-Process",
                "bordercolor": "#000000"
              },
              "stencil": {
                "id": "CollapsedSubprocess"
              },
              "childShapes": [],
              "outgoing": [
                {
                  "resourceId": "sid-B7DB2642-79A3-4D7B-9CB6-06C4854E4C9D"
                }
              ],
              "bounds": {
                "lowerRight": {
                  "x": 502.5,
                  "y": 439
                },
                "upperLeft": {
                  "x": 402.5,
                  "y": 359
                }
              },
              "dockers": []
            },
            {
              "resourceId": "sid-60507DE6-5A96-4C88-A322-E3451526EB33",
              "properties": {
                "name": "Message Non Interrupt",
                "documentation": "",
                "auditing": "",
                "monitoring": "",
                "categories": "",
                "startquantity": 1,
                "completionquantity": 1,
                "isforcompensation": "",
                "assignments": "",
                "callacitivity": true,
                "subprocesstype": "Embedded",
                "isatransaction": "",
                "transaction": "",
                "transactionmethod": "compensate",
                "isadhoc": "",
                "adhocordering": "Sequential",
                "adhoccompletioncondition": "",
                "adhoccancelremaininginstances": true,
                "entry": "Message Non Interrupt",
                "diagramref": "",
                "processref": "",
                "inputmaps": "",
                "outputmaps": "",
                "looptype": "None",
                "testbefore": "",
                "loopcondition": "",
                "loopmaximum": "",
                "loopcardinality": "",
                "loopdatainput": "",
                "loopdataoutput": "",
                "inputdataitem": "",
                "outputdataitem": "",
                "behavior": "all",
                "complexbehaviordefinition": "",
                "completioncondition": "",
                "onebehavioreventref:": "signal",
                "nonebehavioreventref": "signal",
                "bgcolor": "#ffffcc",
                "properties": "",
                "datainputset": "",
                "dataoutputset": "",
                "processid": "",
                "activitytype": "Sub-Process",
                "bordercolor": "#000000"
              },
              "stencil": {
                "id": "CollapsedSubprocess"
              },
              "childShapes": [],
              "outgoing": [
                {
                  "resourceId": "sid-EC51B1C2-2A2D-4515-90CF-9CDCF31A8A44"
                }
              ],
              "bounds": {
                "lowerRight": {
                  "x": 502.5,
                  "y": 545
                },
                "upperLeft": {
                  "x": 402.5,
                  "y": 465
                }
              },
              "dockers": []
            }
          ],
          "outgoing": [],
          "bounds": {
            "lowerRight": {
              "x": 710,
              "y": 583
            },
            "upperLeft": {
              "x": 30,
              "y": 0
            }
          },
          "dockers": []
        }
      ],
      "outgoing": [],
      "bounds": {
        "lowerRight": {
          "x": 740,
          "y": 613
        },
        "upperLeft": {
          "x": 30,
          "y": 30
        }
      },
      "dockers": []
    },
    {
      "resourceId": "sid-6469A686-F148-4E90-81BB-5D3305421758",
      "properties": {
        "name": "",
        "documentation": "",
        "auditing": "",
        "monitoring": "",
        "conditiontype": "None",
        "conditionexpression": "",
        "isimmediate": "",
        "showdiamondmarker": "",
        "bordercolor": "#000000"
      },
      "stencil": {
        "id": "SequenceFlow"
      },
      "childShapes": [],
      "outgoing": [
        {
          "resourceId": "sid-6A83C24E-9609-47CD-B595-BCFC30BBF790"
        }
      ],
      "bounds": {
        "lowerRight": {
          "x": 208.5,
          "y": 95
        },
        "upperLeft": {
          "x": 130.625,
          "y": 95
        }
      },
      "dockers": [
        {
          "x": 15,
          "y": 15
        },
        {
          "x": 50,
          "y": 40
        }
      ],
      "target": {
        "resourceId": "sid-6A83C24E-9609-47CD-B595-BCFC30BBF790"
      }
    },
    {
      "resourceId": "sid-0B133E7E-E6B3-4578-8F8F-1C9DA5D8A015",
      "properties": {
        "name": "",
        "documentation": "",
        "auditing": "",
        "monitoring": "",
        "conditiontype": "None",
        "conditionexpression": "",
        "isimmediate": "",
        "showdiamondmarker": "",
        "bordercolor": "#000000"
      },
      "stencil": {
        "id": "SequenceFlow"
      },
      "childShapes": [],
      "outgoing": [
        {
          "resourceId": "sid-1192E625-131C-46FE-B872-20C4533EA7DE"
        }
      ],
      "bounds": {
        "lowerRight": {
          "x": 259.4098072193776,
          "y": 191.30469655374756
        },
        "upperLeft": {
          "x": 259.1722240306224,
          "y": 135.47264719625244
        }
      },
      "dockers": [
        {
          "x": 50,
          "y": 40
        },
        {
          "x": 20.5,
          "y": 20.5
        }
      ],
      "target": {
        "resourceId": "sid-1192E625-131C-46FE-B872-20C4533EA7DE"
      }
    },
    {
      "resourceId": "sid-36EA1BBD-FB84-4C19-AEFA-5C731F9C8789",
      "properties": {
        "name": "",
        "documentation": "",
        "auditing": "",
        "monitoring": "",
        "conditiontype": "None",
        "conditionexpression": "",
        "isimmediate": "",
        "showdiamondmarker": false,
        "bordercolor": "#000000"
      },
      "stencil": {
        "id": "SequenceFlow"
      },
      "childShapes": [],
      "outgoing": [
        {
          "resourceId": "sid-464B8E64-10B4-4158-BDEE-11144CE20306"
        }
      ],
      "bounds": {
        "lowerRight": {
          "x": 677,
          "y": 212
        },
        "upperLeft": {
          "x": 389.0888671875,
          "y": 95
        }
      },
      "dockers": [
        {
          "x": 57.5,
          "y": 38
        },
        {
          "x": 677,
          "y": 212
        },
        {
          "x": 677,
          "y": 95
        },
        {
          "x": 14,
          "y": 14
        }
      ],
      "target": {
        "resourceId": "sid-464B8E64-10B4-4158-BDEE-11144CE20306"
      }
    },
    {
      "resourceId": "sid-979356AC-A00F-456E-9790-39D512F50D3C",
      "properties": {
        "name": "",
        "documentation": "",
        "auditing": "",
        "monitoring": "",
        "conditiontype": "None",
        "conditionexpression": "",
        "isimmediate": "",
        "showdiamondmarker": false,
        "bordercolor": "#000000"
      },
      "stencil": {
        "id": "SequenceFlow"
      },
      "childShapes": [],
      "outgoing": [
        {
          "resourceId": "sid-464B8E64-10B4-4158-BDEE-11144CE20306"
        }
      ],
      "bounds": {
        "lowerRight": {
          "x": 677,
          "y": 317
        },
        "upperLeft": {
          "x": 389.0888671875,
          "y": 95
        }
      },
      "dockers": [
        {
          "x": 50,
          "y": 40
        },
        {
          "x": 677,
          "y": 317
        },
        {
          "x": 677,
          "y": 95
        },
        {
          "x": 14,
          "y": 14
        }
      ],
      "target": {
        "resourceId": "sid-464B8E64-10B4-4158-BDEE-11144CE20306"
      }
    },
    {
      "resourceId": "sid-85975D4B-1DC8-4998-A7DF-6F9C31861EE7",
      "properties": {
        "name": "Messages",
        "documentation": "",
        "auditing": "",
        "monitoring": "",
        "conditiontype": "None",
        "conditionexpression": "",
        "isimmediate": "",
        "showdiamondmarker": false,
        "bordercolor": "#000000"
      },
      "stencil": {
        "id": "SequenceFlow"
      },
      "childShapes": [],
      "outgoing": [
        {
          "resourceId": "sid-7C7227E8-087F-4CB6-9B60-200B5D495886"
        }
      ],
      "bounds": {
        "lowerRight": {
          "x": 454.1796894528447,
          "y": 212.46091434427439
        },
        "upperLeft": {
          "x": 279.2773417971553,
          "y": 212.11525753072561
        }
      },
      "dockers": [
        {
          "x": 20.5,
          "y": 20.5
        },
        {
          "x": 57.5,
          "y": 38
        }
      ],
      "target": {
        "resourceId": "sid-7C7227E8-087F-4CB6-9B60-200B5D495886"
      }
    },
    {
      "resourceId": "sid-ECE4F718-B986-45F1-8B0C-C0C1DAE66DB3",
      "properties": {
        "name": "Message Interrupts",
        "documentation": "",
        "auditing": "",
        "monitoring": "",
        "conditiontype": "None",
        "conditionexpression": "",
        "isimmediate": "",
        "showdiamondmarker": "",
        "bordercolor": "#000000"
      },
      "stencil": {
        "id": "SequenceFlow"
      },
      "childShapes": [],
      "outgoing": [
        {
          "resourceId": "sid-5A3ED200-8278-4D1F-9F84-B5E53B268133"
        }
      ],
      "bounds": {
        "lowerRight": {
          "x": 462.0859375,
          "y": 429
        },
        "upperLeft": {
          "x": 259.5,
          "y": 232.10546875
        }
      },
      "dockers": [
        {
          "x": 20.5,
          "y": 20.5
        },
        {
          "x": 259.5,
          "y": 429
        },
        {
          "x": 50,
          "y": 40
        }
      ],
      "target": {
        "resourceId": "sid-5A3ED200-8278-4D1F-9F84-B5E53B268133"
      }
    },
    {
      "resourceId": "sid-488CD0F1-E280-4BDE-B794-64CAF8C4FCA8",
      "properties": {
        "name": "Scripts",
        "documentation": "",
        "auditing": "",
        "monitoring": "",
        "conditiontype": "None",
        "conditionexpression": "",
        "isimmediate": "",
        "showdiamondmarker": "",
        "bordercolor": "#000000"
      },
      "stencil": {
        "id": "SequenceFlow"
      },
      "childShapes": [],
      "outgoing": [
        {
          "resourceId": "sid-983D0282-05EA-48F6-B02F-41BBD8DF538E"
        }
      ],
      "bounds": {
        "lowerRight": {
          "x": 462.0703125,
          "y": 317
        },
        "upperLeft": {
          "x": 268.9227993936929,
          "y": 223.8836131403573
        }
      },
      "dockers": [
        {
          "x": 20.5,
          "y": 20.5
        },
        {
          "x": 346,
          "y": 317
        },
        {
          "x": 50,
          "y": 40
        }
      ],
      "target": {
        "resourceId": "sid-983D0282-05EA-48F6-B02F-41BBD8DF538E"
      }
    },
    {
      "resourceId": "sid-9AD6C46B-BC40-4D3A-91E2-8E933EF9ADF0",
      "properties": {
        "name": "Tests Done",
        "documentation": "",
        "auditing": "",
        "monitoring": "",
        "conditiontype": "None",
        "conditionexpression": "",
        "isimmediate": "",
        "showdiamondmarker": false,
        "bordercolor": "#000000"
      },
      "stencil": {
        "id": "SequenceFlow"
      },
      "childShapes": [],
      "outgoing": [
        {
          "resourceId": "sid-464B8E64-10B4-4158-BDEE-11144CE20306"
        }
      ],
      "bounds": {
        "lowerRight": {
          "x": 364.36694320243186,
          "y": 201.68767498400646
        },
        "upperLeft": {
          "x": 270.08227554756814,
          "y": 105.35334064099352
        }
      },
      "dockers": [
        {
          "x": 20.5,
          "y": 20.5
        },
        {
          "x": 14,
          "y": 14
        }
      ],
      "target": {
        "resourceId": "sid-464B8E64-10B4-4158-BDEE-11144CE20306"
      }
    },
    {
      "resourceId": "sid-B7DB2642-79A3-4D7B-9CB6-06C4854E4C9D",
      "properties": {
        "name": "",
        "documentation": "",
        "auditing": "",
        "monitoring": "",
        "conditiontype": "None",
        "conditionexpression": "",
        "isimmediate": "",
        "showdiamondmarker": false,
        "bordercolor": "#000000"
      },
      "stencil": {
        "id": "SequenceFlow"
      },
      "childShapes": [],
      "outgoing": [
        {
          "resourceId": "sid-464B8E64-10B4-4158-BDEE-11144CE20306"
        }
      ],
      "bounds": {
        "lowerRight": {
          "x": 677,
          "y": 429
        },
        "upperLeft": {
          "x": 389.0888671875,
          "y": 95
        }
      },
      "dockers": [
        {
          "x": 50,
          "y": 40
        },
        {
          "x": 677,
          "y": 429
        },
        {
          "x": 677,
          "y": 95
        },
        {
          "x": 14,
          "y": 14
        }
      ],
      "target": {
        "resourceId": "sid-464B8E64-10B4-4158-BDEE-11144CE20306"
      }
    },
    {
      "resourceId": "sid-BFCB2CAC-CE5B-4EA2-8A4D-339D7D5894A4",
      "properties": {
        "name": "Message Non Interrupt",
        "documentation": "",
        "auditing": "",
        "monitoring": "",
        "conditiontype": "None",
        "conditionexpression": "",
        "isimmediate": "",
        "showdiamondmarker": "",
        "bordercolor": "#000000"
      },
      "stencil": {
        "id": "SequenceFlow"
      },
      "childShapes": [],
      "outgoing": [
        {
          "resourceId": "sid-60507DE6-5A96-4C88-A322-E3451526EB33"
        }
      ],
      "bounds": {
        "lowerRight": {
          "x": 461.529296875,
          "y": 535
        },
        "upperLeft": {
          "x": 147,
          "y": 223.49764179832283
        }
      },
      "dockers": [
        {
          "x": 20.5,
          "y": 20.5
        },
        {
          "x": 147,
          "y": 332
        },
        {
          "x": 147,
          "y": 535
        },
        {
          "x": 50,
          "y": 40
        }
      ],
      "target": {
        "resourceId": "sid-60507DE6-5A96-4C88-A322-E3451526EB33"
      }
    },
    {
      "resourceId": "sid-EC51B1C2-2A2D-4515-90CF-9CDCF31A8A44",
      "properties": {
        "name": "",
        "documentation": "",
        "auditing": "",
        "monitoring": "",
        "conditiontype": "None",
        "conditionexpression": "",
        "isimmediate": "",
        "showdiamondmarker": false,
        "bordercolor": "#000000"
      },
      "stencil": {
        "id": "SequenceFlow"
      },
      "childShapes": [],
      "outgoing": [
        {
          "resourceId": "sid-464B8E64-10B4-4158-BDEE-11144CE20306"
        }
      ],
      "bounds": {
        "lowerRight": {
          "x": 677,
          "y": 535
        },
        "upperLeft": {
          "x": 389.0888671875,
          "y": 95
        }
      },
      "dockers": [
        {
          "x": 99,
          "y": 40
        },
        {
          "x": 677,
          "y": 535
        },
        {
          "x": 677,
          "y": 95
        },
        {
          "x": 14,
          "y": 14
        }
      ],
      "target": {
        "resourceId": "sid-464B8E64-10B4-4158-BDEE-11144CE20306"
      }
    }
  ],
  "bounds": {
    "lowerRight": {
      "x": 1485,
      "y": 1050
    },
    "upperLeft": {
      "x": 0,
      "y": 0
    }
  },
  "stencilset": {
    "url": "/gemsbok-spiff/editor/stencilsets//bpmn2.0/bpmn2.0.json",
    "namespace": "http://b3mn.org/stencilset/bpmn2.0#"
  },
  "ssextensions": [
    "http://oryx-editor.org/stencilsets/extensions/bpmn2.0basicsubset#"
  ]
}]]></json-representation>
<svg-representation><![CDATA[
<svg xmlns="http://www.w3.org/2000/svg" xmlns:oryx="http://oryx-editor.org"
     id="sid-1D4A4F6A-B7B8-4BEE-A387-39AF8FB6E48A" width="760" height="633"
     xmlns:xlink="http://www.w3.org/1999/xlink"
     xmlns:svg="http://www.w3.org/2000/svg">
    <defs>
        <marker id="sid-D8490222-0428-4391-AAA1-AC11112269BFstart" refX="1"
                refY="5" markerUnits="userSpaceOnUse" markerWidth="17"
                markerHeight="11" orient="auto">
            <path id="sid-D8490222-0428-4391-AAA1-AC11112269BFconditional"
                  d="M 0 6 L 8 1 L 15 5 L 8 9 L 1 5" fill="white"
                  stroke="#000000" stroke-width="1" display="none"/>
            <path id="sid-D8490222-0428-4391-AAA1-AC11112269BFdefault"
                  d="M 5 0 L 11 10" fill="white" stroke="#000000"
                  stroke-width="1" display="none"/>
        </marker>
        <marker id="sid-D8490222-0428-4391-AAA1-AC11112269BFend" refX="15"
                refY="6" markerUnits="userSpaceOnUse" markerWidth="15"
                markerHeight="12" orient="auto">
            <path id="sid-D8490222-0428-4391-AAA1-AC11112269BFarrowhead"
                  d="M 0 1 L 15 6 L 0 11z" fill="black" stroke="#000000"
                  stroke-linejoin="round" stroke-width="2"/>
        </marker>
        <marker id="sid-B3D03CFA-1FB6-4430-9B9F-61182A3DCEE1start" refX="1"
                refY="5" markerUnits="userSpaceOnUse" markerWidth="17"
                markerHeight="11" orient="auto">
            <path id="sid-B3D03CFA-1FB6-4430-9B9F-61182A3DCEE1conditional"
                  d="M 0 6 L 8 1 L 15 5 L 8 9 L 1 5" fill="white"
                  stroke="#000000" stroke-width="1" display="none"/>
            <path id="sid-B3D03CFA-1FB6-4430-9B9F-61182A3DCEE1default"
                  d="M 5 0 L 11 10" fill="white" stroke="#000000"
                  stroke-width="1" display="none"/>
        </marker>
        <marker id="sid-B3D03CFA-1FB6-4430-9B9F-61182A3DCEE1end" refX="15"
                refY="6" markerUnits="userSpaceOnUse" markerWidth="15"
                markerHeight="12" orient="auto">
            <path id="sid-B3D03CFA-1FB6-4430-9B9F-61182A3DCEE1arrowhead"
                  d="M 0 1 L 15 6 L 0 11z" fill="black" stroke="#000000"
                  stroke-linejoin="round" stroke-width="2"/>
        </marker>
        <marker id="sid-45DC7AC0-3D34-4E1E-BE8F-F8BE0B928F96start" refX="1"
                refY="5" markerUnits="userSpaceOnUse" markerWidth="17"
                markerHeight="11" orient="auto">
            <path id="sid-45DC7AC0-3D34-4E1E-BE8F-F8BE0B928F96conditional"
                  d="M 0 6 L 8 1 L 15 5 L 8 9 L 1 5" fill="white"
                  stroke="#000000" stroke-width="1" display="none"/>
            <path id="sid-45DC7AC0-3D34-4E1E-BE8F-F8BE0B928F96default"
                  d="M 5 0 L 11 10" fill="white" stroke="#000000"
                  stroke-width="1" display="none"/>
        </marker>
        <marker id="sid-45DC7AC0-3D34-4E1E-BE8F-F8BE0B928F96end" refX="15"
                refY="6" markerUnits="userSpaceOnUse" markerWidth="15"
                markerHeight="12" orient="auto">
            <path id="sid-45DC7AC0-3D34-4E1E-BE8F-F8BE0B928F96arrowhead"
                  d="M 0 1 L 15 6 L 0 11z" fill="black" stroke="#000000"
                  stroke-linejoin="round" stroke-width="2"/>
        </marker>
        <marker id="sid-9F820265-2B7D-4431-B01C-3273844D86EFstart" refX="1"
                refY="5" markerUnits="userSpaceOnUse" markerWidth="17"
                markerHeight="11" orient="auto">
            <path id="sid-9F820265-2B7D-4431-B01C-3273844D86EFconditional"
                  d="M 0 6 L 8 1 L 15 5 L 8 9 L 1 5" fill="white"
                  stroke="#000000" stroke-width="1" display="none"/>
            <path id="sid-9F820265-2B7D-4431-B01C-3273844D86EFdefault"
                  d="M 5 0 L 11 10" fill="white" stroke="#000000"
                  stroke-width="1" display="none"/>
        </marker>
        <marker id="sid-9F820265-2B7D-4431-B01C-3273844D86EFend" refX="15"
                refY="6" markerUnits="userSpaceOnUse" markerWidth="15"
                markerHeight="12" orient="auto">
            <path id="sid-9F820265-2B7D-4431-B01C-3273844D86EFarrowhead"
                  d="M 0 1 L 15 6 L 0 11z" fill="black" stroke="#000000"
                  stroke-linejoin="round" stroke-width="2"/>
        </marker>
        <marker id="sid-2212B4F0-6714-404A-A7DE-38E2234364FDstart" refX="1"
                refY="5" markerUnits="userSpaceOnUse" markerWidth="17"
                markerHeight="11" orient="auto">
            <path id="sid-2212B4F0-6714-404A-A7DE-38E2234364FDconditional"
                  d="M 0 6 L 8 1 L 15 5 L 8 9 L 1 5" fill="white"
                  stroke="#000000" stroke-width="1" display="none"/>
            <path id="sid-2212B4F0-6714-404A-A7DE-38E2234364FDdefault"
                  d="M 5 0 L 11 10" fill="white" stroke="#000000"
                  stroke-width="1" display="none"/>
        </marker>
        <marker id="sid-2212B4F0-6714-404A-A7DE-38E2234364FDend" refX="15"
                refY="6" markerUnits="userSpaceOnUse" markerWidth="15"
                markerHeight="12" orient="auto">
            <path id="sid-2212B4F0-6714-404A-A7DE-38E2234364FDarrowhead"
                  d="M 0 1 L 15 6 L 0 11z" fill="black" stroke="#000000"
                  stroke-linejoin="round" stroke-width="2"/>
        </marker>
        <marker id="sid-E5B53F06-AE3C-479E-8A80-DA6508F357D2start" refX="1"
                refY="5" markerUnits="userSpaceOnUse" markerWidth="17"
                markerHeight="11" orient="auto">
            <path id="sid-E5B53F06-AE3C-479E-8A80-DA6508F357D2conditional"
                  d="M 0 6 L 8 1 L 15 5 L 8 9 L 1 5" fill="white"
                  stroke="#000000" stroke-width="1" display="none"/>
            <path id="sid-E5B53F06-AE3C-479E-8A80-DA6508F357D2default"
                  d="M 5 0 L 11 10" fill="white" stroke="#000000"
                  stroke-width="1" display="none"/>
        </marker>
        <marker id="sid-E5B53F06-AE3C-479E-8A80-DA6508F357D2end" refX="15"
                refY="6" markerUnits="userSpaceOnUse" markerWidth="15"
                markerHeight="12" orient="auto">
            <path id="sid-E5B53F06-AE3C-479E-8A80-DA6508F357D2arrowhead"
                  d="M 0 1 L 15 6 L 0 11z" fill="black" stroke="#000000"
                  stroke-linejoin="round" stroke-width="2"/>
        </marker>
        <marker id="sid-6CD71258-0B10-46E4-9AE4-D31C99A90C37start" refX="1"
                refY="5" markerUnits="userSpaceOnUse" markerWidth="17"
                markerHeight="11" orient="auto">
            <path id="sid-6CD71258-0B10-46E4-9AE4-D31C99A90C37conditional"
                  d="M 0 6 L 8 1 L 15 5 L 8 9 L 1 5" fill="white"
                  stroke="#000000" stroke-width="1" display="none"/>
            <path id="sid-6CD71258-0B10-46E4-9AE4-D31C99A90C37default"
                  d="M 5 0 L 11 10" fill="white" stroke="#000000"
                  stroke-width="1" display="none"/>
        </marker>
        <marker id="sid-6CD71258-0B10-46E4-9AE4-D31C99A90C37end" refX="15"
                refY="6" markerUnits="userSpaceOnUse" markerWidth="15"
                markerHeight="12" orient="auto">
            <path id="sid-6CD71258-0B10-46E4-9AE4-D31C99A90C37arrowhead"
                  d="M 0 1 L 15 6 L 0 11z" fill="black" stroke="#000000"
                  stroke-linejoin="round" stroke-width="2"/>
        </marker>
        <marker id="sid-1CAB8095-6DC3-4775-8AA4-A0960215E746start" refX="1"
                refY="5" markerUnits="userSpaceOnUse" markerWidth="17"
                markerHeight="11" orient="auto">
            <path id="sid-1CAB8095-6DC3-4775-8AA4-A0960215E746conditional"
                  d="M 0 6 L 8 1 L 15 5 L 8 9 L 1 5" fill="white"
                  stroke="#000000" stroke-width="1" display="none"/>
            <path id="sid-1CAB8095-6DC3-4775-8AA4-A0960215E746default"
                  d="M 5 0 L 11 10" fill="white" stroke="#000000"
                  stroke-width="1" display="none"/>
        </marker>
        <marker id="sid-1CAB8095-6DC3-4775-8AA4-A0960215E746end" refX="15"
                refY="6" markerUnits="userSpaceOnUse" markerWidth="15"
                markerHeight="12" orient="auto">
            <path id="sid-1CAB8095-6DC3-4775-8AA4-A0960215E746arrowhead"
                  d="M 0 1 L 15 6 L 0 11z" fill="black" stroke="#000000"
                  stroke-linejoin="round" stroke-width="2"/>
        </marker>
        <marker id="sid-AF068CB6-F38D-4118-AD60-C64F4CB26EF2start" refX="1"
                refY="5" markerUnits="userSpaceOnUse" markerWidth="17"
                markerHeight="11" orient="auto">
            <path id="sid-AF068CB6-F38D-4118-AD60-C64F4CB26EF2conditional"
                  d="M 0 6 L 8 1 L 15 5 L 8 9 L 1 5" fill="white"
                  stroke="#000000" stroke-width="1" display="none"/>
            <path id="sid-AF068CB6-F38D-4118-AD60-C64F4CB26EF2default"
                  d="M 5 0 L 11 10" fill="white" stroke="#000000"
                  stroke-width="1" display="none"/>
        </marker>
        <marker id="sid-AF068CB6-F38D-4118-AD60-C64F4CB26EF2end" refX="15"
                refY="6" markerUnits="userSpaceOnUse" markerWidth="15"
                markerHeight="12" orient="auto">
            <path id="sid-AF068CB6-F38D-4118-AD60-C64F4CB26EF2arrowhead"
                  d="M 0 1 L 15 6 L 0 11z" fill="black" stroke="#000000"
                  stroke-linejoin="round" stroke-width="2"/>
        </marker>
        <marker id="sid-DBC0C116-D411-4AFD-82AE-9919C8A75658start" refX="1"
                refY="5" markerUnits="userSpaceOnUse" markerWidth="17"
                markerHeight="11" orient="auto">
            <path id="sid-DBC0C116-D411-4AFD-82AE-9919C8A75658conditional"
                  d="M 0 6 L 8 1 L 15 5 L 8 9 L 1 5" fill="white"
                  stroke="#000000" stroke-width="1" display="none"/>
            <path id="sid-DBC0C116-D411-4AFD-82AE-9919C8A75658default"
                  d="M 5 0 L 11 10" fill="white" stroke="#000000"
                  stroke-width="1" display="none"/>
        </marker>
        <marker id="sid-DBC0C116-D411-4AFD-82AE-9919C8A75658end" refX="15"
                refY="6" markerUnits="userSpaceOnUse" markerWidth="15"
                markerHeight="12" orient="auto">
            <path id="sid-DBC0C116-D411-4AFD-82AE-9919C8A75658arrowhead"
                  d="M 0 1 L 15 6 L 0 11z" fill="black" stroke="#000000"
                  stroke-linejoin="round" stroke-width="2"/>
        </marker>
        <marker id="sid-5A106F87-A653-4FA6-875C-0E6A0CD4E582start" refX="1"
                refY="5" markerUnits="userSpaceOnUse" markerWidth="17"
                markerHeight="11" orient="auto">
            <path id="sid-5A106F87-A653-4FA6-875C-0E6A0CD4E582conditional"
                  d="M 0 6 L 8 1 L 15 5 L 8 9 L 1 5" fill="white"
                  stroke="#000000" stroke-width="1" display="none"/>
            <path id="sid-5A106F87-A653-4FA6-875C-0E6A0CD4E582default"
                  d="M 5 0 L 11 10" fill="white" stroke="#000000"
                  stroke-width="1" display="none"/>
        </marker>
        <marker id="sid-5A106F87-A653-4FA6-875C-0E6A0CD4E582end" refX="15"
                refY="6" markerUnits="userSpaceOnUse" markerWidth="15"
                markerHeight="12" orient="auto">
            <path id="sid-5A106F87-A653-4FA6-875C-0E6A0CD4E582arrowhead"
                  d="M 0 1 L 15 6 L 0 11z" fill="black" stroke="#000000"
                  stroke-linejoin="round" stroke-width="2"/>
        </marker>
    </defs>
    <g stroke="black" font-family="Verdana, sans-serif" font-size-adjust="none"
       font-style="normal" font-variant="normal" font-weight="normal"
       line-heigth="normal" font-size="12">
        <g class="stencils" transform="translate(-5, -5)">
            <g class="me"/>
            <g class="children">
                <g id="svg-sid-F3998B48-8B47-4EBF-9690-2459891DF29F">
                    <g class="stencils" transform="translate(30, 30)">
                        <g class="me">
                            <g pointer-events="none"
                               id="sid-A3115CDA-73FA-4C9D-86F8-22634E2A63B3"
                               title="Pool">
                                <defs id="sid-A3115CDA-73FA-4C9D-86F8-22634E2A63B3_sid-A3115CDA-73FA-4C9D-86F8-22634E2A63B3_9">
                                    <radialGradient id="sid-A3115CDA-73FA-4C9D-86F8-22634E2A63B3background"
                                                    cx="0%" cy="10%" r="100%"
                                                    fx="20%" fy="10%">
                                        <stop offset="0%" stop-color="#ffffff"
                                              stop-opacity="1"
                                              id="sid-A3115CDA-73FA-4C9D-86F8-22634E2A63B3_sid-A3115CDA-73FA-4C9D-86F8-22634E2A63B3_10"/>
                                        <stop id="sid-A3115CDA-73FA-4C9D-86F8-22634E2A63B3fill_el"
                                              offset="100%" stop-color="#ffffff"
                                              stop-opacity="1"/>
                                    </radialGradient>
                                </defs>
                                <rect id="sid-A3115CDA-73FA-4C9D-86F8-22634E2A63B3c"
                                      oryx:resize="vertical horizontal" x="0"
                                      y="0" width="710" height="583"
                                      stroke="#000000"
                                      fill="url(#sid-A3115CDA-73FA-4C9D-86F8-22634E2A63B3background) white"
                                      fill-opacity="0.3" display="inherit"/>
                                <rect id="sid-A3115CDA-73FA-4C9D-86F8-22634E2A63B3caption"
                                      oryx:anchors="left top bottom" x="0" y="0"
                                      width="30" height="583" stroke="#000000"
                                      stroke-width="1"
                                      fill="url(#sid-A3115CDA-73FA-4C9D-86F8-22634E2A63B3background) white"
                                      pointer-events="all" display="inherit"/>
                                <rect id="sid-A3115CDA-73FA-4C9D-86F8-22634E2A63B3captionDisableAntialiasing"
                                      oryx:anchors="left top bottom" x="0" y="0"
                                      width="30" height="583" stroke="#000000"
                                      stroke-width="1"
                                      fill="url(#sid-A3115CDA-73FA-4C9D-86F8-22634E2A63B3background) white"
                                      pointer-events="all" display="inherit"/>
                                <text x="13" y="291" font-size="12"
                                      id="sid-A3115CDA-73FA-4C9D-86F8-22634E2A63B3text_name"
                                      oryx:fittoelem="caption"
                                      oryx:align="middle center"
                                      oryx:anchors="left" oryx:rotate="270"
                                      fill="black" stroke="black"
                                      stroke-width="0pt"
                                      letter-spacing="-0.01px"
                                      transform="rotate(270 13 291)"
                                      oryx:fontSize="12" text-anchor="middle">
                                    <tspan x="13" y="291" dy="5">
                                        Test Workflows
                                    </tspan>
                                </text>
                                <g id="sid-A3115CDA-73FA-4C9D-86F8-22634E2A63B3multiInstance"
                                   display="none">
                                    <path id="sid-A3115CDA-73FA-4C9D-86F8-22634E2A63B3multiinstancepath"
                                          oryx:anchors="bottom" fill="none"
                                          stroke="#000000"
                                          d=" M351 573  v8  M355 573  v8  M359 573  v8 "
                                          stroke-width="2"/>
                                </g>
                            </g>
                        </g>
                        <g class="children" style="overflow:hidden">
                            <g id="svg-sid-7A923A68-8A4D-47F1-9CCD-8584C3992369">
                                <g class="stencils" transform="translate(30, 0)">
                                    <g class="me">
                                        <g pointer-events="none"
                                           id="sid-D4A851BE-101F-4AB4-8A85-1232ACB37172"
                                           title="Lane">
                                            <defs id="sid-D4A851BE-101F-4AB4-8A85-1232ACB37172_sid-D4A851BE-101F-4AB4-8A85-1232ACB37172_3">
                                                <radialGradient id="sid-D4A851BE-101F-4AB4-8A85-1232ACB37172background"
                                                                cx="0%" cy="10%"
                                                                r="200%"
                                                                fx="20%"
                                                                fy="10%">
                                                    <stop offset="0%"
                                                          stop-color="#ffffff"
                                                          stop-opacity="0"
                                                          id="sid-D4A851BE-101F-4AB4-8A85-1232ACB37172_sid-D4A851BE-101F-4AB4-8A85-1232ACB37172_4"/>
                                                    <stop id="sid-D4A851BE-101F-4AB4-8A85-1232ACB37172fill_el"
                                                          offset="100%"
                                                          stop-color="#ffffff"
                                                          stop-opacity="0"/>
                                                </radialGradient>
                                            </defs>
                                            <rect id="sid-D4A851BE-101F-4AB4-8A85-1232ACB37172border"
                                                  oryx:resize="vertical horizontal"
                                                  x="0" y="0" width="680"
                                                  height="583" stroke="#000000"
                                                  stroke-width="1"
                                                  fill="url(#sid-D4A851BE-101F-4AB4-8A85-1232ACB37172background) white"
                                                  pointer-events="none"/>
                                            <path stroke="#000000"
                                                  stroke-width="1" fill="none"
                                                  d=" M0 0  L0 583 "
                                                  oryx:anchors="left top bottom"
                                                  id="sid-D4A851BE-101F-4AB4-8A85-1232ACB37172captionDisableAntialiasing"
                                                  display="inherit"/>
                                            undefined
                                            <text x="13" y="291"
                                                  oryx:rotate="270"
                                                  font-size="12"
                                                  id="sid-D4A851BE-101F-4AB4-8A85-1232ACB37172text_name"
                                                  oryx:align="middle center"
                                                  oryx:anchors="left"
                                                  oryx:fittoelem="caption"
                                                  fill="black" stroke="black"
                                                  stroke-width="0pt"
                                                  letter-spacing="-0.01px"
                                                  display="inherit"
                                                  transform="rotate(270 13 291)"
                                                  oryx:fontSize="12"
                                                  text-anchor="middle">
                                                <tspan x="13" y="291" dy="5">
                                                    Test Runner
                                                </tspan>
                                            </text>
                                        </g>
                                    </g>
                                    <g class="children" style="overflow:hidden">
                                        <g id="svg-sid-2C69C7A6-BD02-428F-B5AA-0BB10EC514C2">
                                            <g class="stencils"
                                               transform="translate(40, 50)">
                                                <g class="me">
                                                    <g pointer-events="fill"
                                                       id="sid-F0F1D14B-0921-4309-A68C-6F838B61D63A"
                                                       title="Start Event">
                                                        <defs id="sid-F0F1D14B-0921-4309-A68C-6F838B61D63A_sid-F0F1D14B-0921-4309-A68C-6F838B61D63A_5">
                                                            <radialGradient id="sid-F0F1D14B-0921-4309-A68C-6F838B61D63Abackground"
                                                                            cx="10%"
                                                                            cy="10%"
                                                                            r="100%"
                                                                            fx="10%"
                                                                            fy="10%">
                                                                <stop offset="0%"
                                                                      stop-color="#ffffff"
                                                                      stop-opacity="1"
                                                                      id="sid-F0F1D14B-0921-4309-A68C-6F838B61D63A_sid-F0F1D14B-0921-4309-A68C-6F838B61D63A_6"/>
                                                                <stop id="sid-F0F1D14B-0921-4309-A68C-6F838B61D63Afill_el"
                                                                      offset="100%"
                                                                      stop-color="#ffffff"
                                                                      stop-opacity="1"/>
                                                            </radialGradient>
                                                        </defs>
                                                        <circle id="sid-F0F1D14B-0921-4309-A68C-6F838B61D63Abg_frame"
                                                                cx="15" cy="15"
                                                                r="15"
                                                                stroke="#000000"
                                                                fill="url(#sid-F0F1D14B-0921-4309-A68C-6F838B61D63Abackground) white"
                                                                stroke-width="1"/>
                                                        <text font-size="11"
                                                              id="sid-F0F1D14B-0921-4309-A68C-6F838B61D63Atext_name"
                                                              x="15" y="32"
                                                              oryx:align="top center"
                                                              stroke="black"
                                                              stroke-width="0pt"
                                                              letter-spacing="-0.01px"
                                                              transform="rotate(0 15 32)"
                                                              oryx:fontSize="11"
                                                              text-anchor="middle"/>
                                                    </g>
                                                </g>
                                                <g class="children"
                                                   style="overflow:hidden"/>
                                                <g class="edge"/>
                                            </g>
                                            <g class="controls">
                                                <g class="dockers"/>
                                                <g class="magnets"
                                                   transform="translate(40, 50)">
                                                    <g pointer-events="all"
                                                       display="none"
                                                       transform="translate(7, 7)">
                                                        <circle cx="8" cy="8"
                                                                r="4"
                                                                stroke="none"
                                                                fill="red"
                                                                fill-opacity="0.3"/>
                                                    </g>
                                                </g>
                                            </g>
                                        </g>
                                        <g id="svg-sid-6A83C24E-9609-47CD-B595-BCFC30BBF790">
                                            <g class="stencils"
                                               transform="translate(149, 25)">
                                                <g class="me">
                                                    <g pointer-events="fill"
                                                       oryx:minimumSize="50 40"
                                                       id="sid-5C89AF13-1A8F-44D7-B99F-E31303F630B2"
                                                       title="Task">
                                                        <defs id="sid-5C89AF13-1A8F-44D7-B99F-E31303F630B2_sid-5C89AF13-1A8F-44D7-B99F-E31303F630B2_17">
                                                            <radialGradient id="sid-5C89AF13-1A8F-44D7-B99F-E31303F630B2background"
                                                                            cx="10%"
                                                                            cy="10%"
                                                                            r="100%"
                                                                            fx="10%"
                                                                            fy="10%">
                                                                <stop offset="0%"
                                                                      stop-color="#ffffff"
                                                                      stop-opacity="1"
                                                                      id="sid-5C89AF13-1A8F-44D7-B99F-E31303F630B2_sid-5C89AF13-1A8F-44D7-B99F-E31303F630B2_18"/>
                                                                <stop id="sid-5C89AF13-1A8F-44D7-B99F-E31303F630B2fill_el"
                                                                      offset="100%"
                                                                      stop-color="#ffffcc"
                                                                      stop-opacity="1"/>
                                                            </radialGradient>
                                                        </defs>
                                                        <rect id="sid-5C89AF13-1A8F-44D7-B99F-E31303F630B2text_frame"
                                                              oryx:anchors="bottom top right left"
                                                              x="1" y="1"
                                                              width="94"
                                                              height="79"
                                                              rx="10" ry="10"
                                                              stroke="none"
                                                              stroke-width="0"
                                                              fill="none"/>
                                                        <rect id="sid-5C89AF13-1A8F-44D7-B99F-E31303F630B2callActivity"
                                                              oryx:resize="vertical horizontal"
                                                              oryx:anchors="bottom top right left"
                                                              x="0" y="0"
                                                              width="100"
                                                              height="80"
                                                              rx="10" ry="10"
                                                              stroke="#000000"
                                                              stroke-width="4"
                                                              fill="none"
                                                              display="none"/>
                                                        <rect id="sid-5C89AF13-1A8F-44D7-B99F-E31303F630B2bg_frame"
                                                              oryx:resize="vertical horizontal"
                                                              x="0" y="0"
                                                              width="100"
                                                              height="80"
                                                              rx="10" ry="10"
                                                              stroke="#000000"
                                                              stroke-width="1"
                                                              fill="url(#sid-5C89AF13-1A8F-44D7-B99F-E31303F630B2background) #ffffcc"/>
                                                        <text font-size="12"
                                                              id="sid-5C89AF13-1A8F-44D7-B99F-E31303F630B2text_name"
                                                              x="50" y="40"
                                                              oryx:align="middle center"
                                                              oryx:fittoelem="text_frame"
                                                              stroke="black"
                                                              stroke-width="0pt"
                                                              letter-spacing="-0.01px"
                                                              transform="rotate(0 50 40)"
                                                              oryx:fontSize="12"
                                                              text-anchor="middle">
                                                            <tspan x="50" y="40"
                                                                   dy="5">
                                                                Select Test
                                                            </tspan>
                                                        </text>
                                                        <g id="sid-5C89AF13-1A8F-44D7-B99F-E31303F630B2manualTask"
                                                           transform="scale(0.7,0.7) translate(8,8)"
                                                           display="none">
                                                            <path oryx:anchors="top left"
                                                                  id="sid-5C89AF13-1A8F-44D7-B99F-E31303F630B2hand"
                                                                  stroke="#000000"
                                                                  stroke-width="1"
                                                                  style="opacity:1;fill:none;fill-opacity:1;"
                                                                  d="M0.5,3.751l4.083-3.25c0,0,11.166,0.083,12.083,0.083s-2.417,2.917-1.5,2.917     s11.667,0,12.584,0c1.166,1.708-0.168,3.167-0.834,3.667s0.875,1.917-1,4.417c-0.75,0.25,0.75,1.875-1.333,3.333     c-1.167,0.583,0.583,1.542-1.25,2.833c-1.167,0-20.833,0.083-20.833,0.083l-2-1.333V3.751z"/>
                                                            <path oryx:anchors="top left"
                                                                  id="sid-5C89AF13-1A8F-44D7-B99F-E31303F630B2finger"
                                                                  style="opacity:1;fill:none; stroke-width:2"
                                                                  stroke="#000000"
                                                                  d="M 13.5 7 L 27 7"/>
                                                            <path oryx:anchors="top left"
                                                                  id="sid-5C89AF13-1A8F-44D7-B99F-E31303F630B2finger1"
                                                                  style="opacity:1;fill:none; stroke-width:2"
                                                                  stroke="#000000"
                                                                  d="M 13.5 11 L 26 11"/>
                                                            <path oryx:anchors="top left"
                                                                  id="sid-5C89AF13-1A8F-44D7-B99F-E31303F630B2finger2"
                                                                  style="opacity:1;fill:none; stroke-width:1.5"
                                                                  stroke="#000000"
                                                                  d="M 14 14.5 L 25 14.5"/>
                                                            <path oryx:anchors="top left"
                                                                  id="sid-5C89AF13-1A8F-44D7-B99F-E31303F630B2thumb"
                                                                  style="opacity:1;fill:none; stroke-width:1.5"
                                                                  stroke="#000000"
                                                                  d="M 8.2 3.1 L 15 3.1"/>
                                                        </g>
                                                        <g id="sid-5C89AF13-1A8F-44D7-B99F-E31303F630B2businessRuleTask"
                                                           transform="scale(0.7,0.7) translate(8,8)"
                                                           display="none">
                                                            <rect oryx:anchors="top left"
                                                                  id="sid-5C89AF13-1A8F-44D7-B99F-E31303F630B2top"
                                                                  x="0" y="0"
                                                                  width="22"
                                                                  height="4"
                                                                  style="opacity:1;fill:#B3B1B3;fill-opacity:1;"
                                                                  stroke="#000000"/>
                                                            <rect oryx:anchors="top left"
                                                                  id="sid-5C89AF13-1A8F-44D7-B99F-E31303F630B2rect"
                                                                  x="0" y="4"
                                                                  style="opacity:1;fill:none;"
                                                                  stroke="#000000"
                                                                  width="22"
                                                                  height="12"/>
                                                            <path oryx:anchors="top left"
                                                                  id="sid-5C89AF13-1A8F-44D7-B99F-E31303F630B2row"
                                                                  style="opacity:1;fill:none;"
                                                                  stroke="#000000"
                                                                  d="M 0 10 L 22 10"/>
                                                            <path oryx:anchors="top left"
                                                                  id="sid-5C89AF13-1A8F-44D7-B99F-E31303F630B2col"
                                                                  style="opacity:1; fill:none;"
                                                                  stroke="#000000"
                                                                  d="M 7 4 L 7 16"/>
                                                        </g>
                                                        <g id="sid-5C89AF13-1A8F-44D7-B99F-E31303F630B2scriptTask"
                                                           transform="scale(0.7,0.7) translate(8,8)"
                                                           display="none">
                                                            <path oryx:anchors="top left"
                                                                  id="sid-5C89AF13-1A8F-44D7-B99F-E31303F630B2paper"
                                                                  style="opacity:1;fill:none;"
                                                                  stroke="#000000"
                                                                  d="M6.402,0.5h14.5c0,0-5.833,2.833-5.833,5.583s4.417,6,4.417,9.167    s-4.167,5.083-4.167,5.083H0.235c0,0,5-2.667,5-5s-4.583-6.75-4.583-9.25S6.402,0.5,6.402,0.5z"/>
                                                            <path oryx:anchors="top left"
                                                                  id="sid-5C89AF13-1A8F-44D7-B99F-E31303F630B2line1"
                                                                  style="opacity:1;fill:none;stroke-width:1.5"
                                                                  stroke="#000000"
                                                                  d="M 3.5 4.5 L 13.5 4.5"/>
                                                            <path oryx:anchors="top left"
                                                                  id="sid-5C89AF13-1A8F-44D7-B99F-E31303F630B2line2"
                                                                  style="opacity:1;fill:none;stroke-width:1.5"
                                                                  stroke="#000000"
                                                                  d="M 3.8 8.5 L 13.8 8.5"/>
                                                            <path oryx:anchors="top left"
                                                                  id="sid-5C89AF13-1A8F-44D7-B99F-E31303F630B2line3"
                                                                  style="opacity:1;fill:none;stroke-width:1.5"
                                                                  stroke="#000000"
                                                                  d="M 6.3 12.5 L 16.3 12.5"/>
                                                            <path oryx:anchors="top left"
                                                                  id="sid-5C89AF13-1A8F-44D7-B99F-E31303F630B2line4"
                                                                  style="opacity:1;fill:none;stroke-width:1.5"
                                                                  stroke="#000000"
                                                                  d="M 6.5 16.5 L 16.5 16.5"/>
                                                        </g>
                                                        <g id="sid-5C89AF13-1A8F-44D7-B99F-E31303F630B2userTask"
                                                           transform="scale(0.7,0.7) translate(8,8)"
                                                           display="inherit">
                                                            <path id="sid-5C89AF13-1A8F-44D7-B99F-E31303F630B2userTaskpath"
                                                                  oryx:anchors="top left"
                                                                  style="opacity:1;fill:#F4F6F7;"
                                                                  stroke="#000000"
                                                                  d="M0.585,24.167h24.083v-7.833c0,0-2.333-3.917-7.083-5.167h-9.25    c-4.417,1.333-7.833,5.75-7.833,5.75L0.585,24.167z"/>
                                                            <path id="sid-5C89AF13-1A8F-44D7-B99F-E31303F630B2userTaskpath2"
                                                                  oryx:anchors="top left"
                                                                  style="opacity:1;fill:none;"
                                                                  stroke="#000000"
                                                                  d="M 6 20 L 6 24"/>
                                                            <path id="sid-5C89AF13-1A8F-44D7-B99F-E31303F630B2userTaskpath3"
                                                                  oryx:anchors="top left"
                                                                  style="opacity:1;fill:none;"
                                                                  stroke="#000000"
                                                                  d="M 20 20 L 20 24"/>
                                                            <circle id="sid-5C89AF13-1A8F-44D7-B99F-E31303F630B2userTaskcircle"
                                                                    oryx:anchors="top left"
                                                                    fill="#000000"
                                                                    stroke="#000000"
                                                                    cx="13.002"
                                                                    cy="5.916"
                                                                    r="5.417"/>
                                                            <path id="sid-5C89AF13-1A8F-44D7-B99F-E31303F630B2userTaskpath4"
                                                                  oryx:anchors="top left"
                                                                  style="opacity:1;fill:#F0EFF0;"
                                                                  stroke="#000000"
                                                                  d="M8.043,7.083c0,0,2.814-2.426,5.376-1.807s4.624-0.693,4.624-0.693    c0.25,1.688,0.042,3.75-1.458,5.584c0,0,1.083,0.75,1.083,1.5s0.125,1.875-1,3s-5.5,1.25-6.75,0S8.668,12.834,8.668,12    s0.583-1.25,1.25-1.917C8.835,9.5,7.419,7.708,8.043,7.083z"/>
                                                        </g>
                                                        <g id="sid-5C89AF13-1A8F-44D7-B99F-E31303F630B2serviceTask"
                                                           transform="scale(0.7,0.7) translate(8,8)"
                                                           display="none">
                                                            <polygon oryx:anchors="top left"
                                                                     id="sid-5C89AF13-1A8F-44D7-B99F-E31303F630B2teethForeground"
                                                                     style="opacity:1;fill:#ffffff;"
                                                                     stroke="#000000"
                                                                     points="15.392,5.064 17.954,2.502 20.347,4.895 17.786,7.455     18.729,9.732 22.353,9.732 22.353,13.115 18.731,13.115 17.788,15.392 20.351,17.955 17.958,20.347 15.397,17.786 13.12,18.729     13.12,22.353 9.737,22.353 9.737,18.731 7.46,17.788 4.897,20.35 2.506,17.958 5.066,15.397 4.124,13.12 0.5,13.12 0.5,9.737     4.121,9.737 5.065,7.461 2.503,4.898 4.895,2.506 7.455,5.066 9.732,4.125 9.732,0.5 13.116,0.5 13.116,4.121 "/>
                                                            <circle oryx:anchors="top left"
                                                                    id="sid-5C89AF13-1A8F-44D7-B99F-E31303F630B2ringForeground"
                                                                    style="opacity:1;fill:none;"
                                                                    stroke="#000000"
                                                                    cx="11.427"
                                                                    cy="11.426"
                                                                    r="3.714"/>
                                                            <polygon oryx:anchors="top left"
                                                                     id="sid-5C89AF13-1A8F-44D7-B99F-E31303F630B2teethBackground"
                                                                     style="opacity:1;fill:#ffffff;"
                                                                     stroke="#000000"
                                                                     points="21.392,11.064 23.954,8.502 26.347,10.895 23.786,13.455     24.729,15.732 28.353,15.732 28.353,19.115 24.731,19.115 23.788,21.392 26.351,23.955 23.958,26.347 21.397,23.786 19.12,24.729     19.12,28.353 15.737,28.353 15.737,24.731 13.46,23.788 10.897,26.35 8.506,23.958 11.066,21.397 10.124,19.12 6.5,19.12     6.5,15.737 10.121,15.737 11.065,13.461 8.503,10.898 10.895,8.506 13.455,11.066 15.732,10.125 15.732,6.5 19.116,6.5     19.116,10.121 "/>
                                                            <circle oryx:anchors="top left"
                                                                    id="sid-5C89AF13-1A8F-44D7-B99F-E31303F630B2ringBackground"
                                                                    style="opacity:1;fill:none;"
                                                                    stroke="#000000"
                                                                    cx="17.427"
                                                                    cy="17.426"
                                                                    r="3.714"/>
                                                        </g>
                                                        <g id="sid-5C89AF13-1A8F-44D7-B99F-E31303F630B2sendTask"
                                                           display="none">
                                                            <path id="sid-5C89AF13-1A8F-44D7-B99F-E31303F630B2sendTaskpath"
                                                                  oryx:anchors="left top"
                                                                  stroke="#000000"
                                                                  fill="black"
                                                                  stroke-width="1"
                                                                  d="M8,11 L8,21 L24,21 L24,11 L16,17z"/>
                                                            <path id="sid-5C89AF13-1A8F-44D7-B99F-E31303F630B2sendTaskpath2"
                                                                  oryx:anchors="left top"
                                                                  stroke="#000000"
                                                                  fill="black"
                                                                  stroke-width="1"
                                                                  d="M7,10 L16,17 L25 10z"/>
                                                        </g>
                                                        <g id="sid-5C89AF13-1A8F-44D7-B99F-E31303F630B2receiveTask"
                                                           display="none">
                                                            <path id="sid-5C89AF13-1A8F-44D7-B99F-E31303F630B2receiveTaskpath"
                                                                  oryx:anchors="left top"
                                                                  stroke="#000000"
                                                                  fill="none"
                                                                  stroke-width="1"
                                                                  d="M8,11 L8,21 L24,21 L24,11z M8,11 L16,17 L24,11"/>
                                                            <circle id="sid-5C89AF13-1A8F-44D7-B99F-E31303F630B2instantiate"
                                                                    cx="16"
                                                                    cy="16"
                                                                    r="13"
                                                                    stroke="#000000"
                                                                    fill="none"
                                                                    stroke-width="1"
                                                                    display="none"/>
                                                        </g>
                                                        <g id="sid-5C89AF13-1A8F-44D7-B99F-E31303F630B2none"
                                                           display="inherit"/>
                                                        <g id="sid-5C89AF13-1A8F-44D7-B99F-E31303F630B2loop"
                                                           display="none">
                                                            <path oryx:anchors="bottom"
                                                                  stroke="#000000"
                                                                  style="opacity:1;fill:none;fill-opacity:1;;stroke-width:1.5;stroke-linecap:round;stroke-linejoin:round;stroke-miterlimit:2.0999999;stroke-dasharray:none;stroke-opacity:1"
                                                                  id="sid-5C89AF13-1A8F-44D7-B99F-E31303F630B2path2396"
                                                                  d="M 49.5,72 L 49.5,75 L 46.5,75 M 49.5,75 A 4.875,4.875 0 1 1 53.5,75"/>
                                                        </g>
                                                        <g id="sid-5C89AF13-1A8F-44D7-B99F-E31303F630B2parallel"
                                                           display="none">
                                                            <path id="sid-5C89AF13-1A8F-44D7-B99F-E31303F630B2parallelpath"
                                                                  oryx:anchors="bottom"
                                                                  fill="none"
                                                                  stroke="#000000"
                                                                  d="M46 65 v10 M50 65 v10 M54 65 v10"
                                                                  stroke-width="2"/>
                                                        </g>
                                                        <g id="sid-5C89AF13-1A8F-44D7-B99F-E31303F630B2sequential"
                                                           display="none">
                                                            <path id="sid-5C89AF13-1A8F-44D7-B99F-E31303F630B2sequentialpath"
                                                                  oryx:anchors="bottom"
                                                                  fill="none"
                                                                  stroke="#000000"
                                                                  stroke-width="2"
                                                                  d="M45,67 h10 M45,71 h10 M45,75 h10"/>
                                                        </g>
                                                        <g id="sid-5C89AF13-1A8F-44D7-B99F-E31303F630B2compensation"
                                                           display="none">
                                                            <path id="sid-5C89AF13-1A8F-44D7-B99F-E31303F630B2compensationpath"
                                                                  oryx:anchors="bottom"
                                                                  fill="none"
                                                                  stroke="#000000"
                                                                  d="M 50 70 L 55 65 L 55 75z M44.7 70 L49.7 75 L 49.7 65z"
                                                                  stroke-width="1"
                                                                  transform="translate(-13)"/>
                                                        </g>
                                                    </g>
                                                </g>
                                                <g class="children"
                                                   style="overflow:hidden"/>
                                                <g class="edge"/>
                                            </g>
                                            <g class="controls">
                                                <g class="dockers"/>
                                                <g class="magnets"
                                                   transform="translate(149, 25)">
                                                    <g pointer-events="all"
                                                       display="none"
                                                       transform="translate(-7, 12)">
                                                        <circle cx="8" cy="8"
                                                                r="4"
                                                                stroke="none"
                                                                fill="red"
                                                                fill-opacity="0.3"/>
                                                    </g>
                                                    <g pointer-events="all"
                                                       display="none"
                                                       transform="translate(-7, 32)">
                                                        <circle cx="8" cy="8"
                                                                r="4"
                                                                stroke="none"
                                                                fill="red"
                                                                fill-opacity="0.3"/>
                                                    </g>
                                                    <g pointer-events="all"
                                                       display="none"
                                                       transform="translate(-7, 52)">
                                                        <circle cx="8" cy="8"
                                                                r="4"
                                                                stroke="none"
                                                                fill="red"
                                                                fill-opacity="0.3"/>
                                                    </g>
                                                    <g pointer-events="all"
                                                       display="none"
                                                       transform="translate(17, 71)">
                                                        <circle cx="8" cy="8"
                                                                r="4"
                                                                stroke="none"
                                                                fill="red"
                                                                fill-opacity="0.3"/>
                                                    </g>
                                                    <g pointer-events="all"
                                                       display="none"
                                                       transform="translate(42, 71)">
                                                        <circle cx="8" cy="8"
                                                                r="4"
                                                                stroke="none"
                                                                fill="red"
                                                                fill-opacity="0.3"/>
                                                    </g>
                                                    <g pointer-events="all"
                                                       display="none"
                                                       transform="translate(67, 71)">
                                                        <circle cx="8" cy="8"
                                                                r="4"
                                                                stroke="none"
                                                                fill="red"
                                                                fill-opacity="0.3"/>
                                                    </g>
                                                    <g pointer-events="all"
                                                       display="none"
                                                       transform="translate(91, 12)">
                                                        <circle cx="8" cy="8"
                                                                r="4"
                                                                stroke="none"
                                                                fill="red"
                                                                fill-opacity="0.3"/>
                                                    </g>
                                                    <g pointer-events="all"
                                                       display="none"
                                                       transform="translate(91, 32)">
                                                        <circle cx="8" cy="8"
                                                                r="4"
                                                                stroke="none"
                                                                fill="red"
                                                                fill-opacity="0.3"/>
                                                    </g>
                                                    <g pointer-events="all"
                                                       display="none"
                                                       transform="translate(91, 52)">
                                                        <circle cx="8" cy="8"
                                                                r="4"
                                                                stroke="none"
                                                                fill="red"
                                                                fill-opacity="0.3"/>
                                                    </g>
                                                    <g pointer-events="all"
                                                       display="none"
                                                       transform="translate(17, -7)">
                                                        <circle cx="8" cy="8"
                                                                r="4"
                                                                stroke="none"
                                                                fill="red"
                                                                fill-opacity="0.3"/>
                                                    </g>
                                                    <g pointer-events="all"
                                                       display="none"
                                                       transform="translate(42, -7)">
                                                        <circle cx="8" cy="8"
                                                                r="4"
                                                                stroke="none"
                                                                fill="red"
                                                                fill-opacity="0.3"/>
                                                    </g>
                                                    <g pointer-events="all"
                                                       display="none"
                                                       transform="translate(67, -7)">
                                                        <circle cx="8" cy="8"
                                                                r="4"
                                                                stroke="none"
                                                                fill="red"
                                                                fill-opacity="0.3"/>
                                                    </g>
                                                    <g pointer-events="all"
                                                       display="none"
                                                       transform="translate(42, 32)">
                                                        <circle cx="8" cy="8"
                                                                r="4"
                                                                stroke="none"
                                                                fill="red"
                                                                fill-opacity="0.3"/>
                                                    </g>
                                                </g>
                                            </g>
                                        </g>
                                        <g id="svg-sid-1192E625-131C-46FE-B872-20C4533EA7DE">
                                            <g class="stencils"
                                               transform="translate(179, 162)">
                                                <g class="me">
                                                    <g id="sid-54A66412-27FD-4EA5-AC79-FA34E6E0820D"
                                                       title="Data-based exclusive (XOR) gateway">
                                                        <defs id="sid-54A66412-27FD-4EA5-AC79-FA34E6E0820D_sid-54A66412-27FD-4EA5-AC79-FA34E6E0820D_4">
                                                            <radialGradient id="sid-54A66412-27FD-4EA5-AC79-FA34E6E0820Dbackground"
                                                                            cx="10%"
                                                                            cy="10%"
                                                                            r="100%"
                                                                            fx="10%"
                                                                            fy="10%">
                                                                <stop offset="0%"
                                                                      stop-color="#ffffff"
                                                                      stop-opacity="1"
                                                                      id="sid-54A66412-27FD-4EA5-AC79-FA34E6E0820D_sid-54A66412-27FD-4EA5-AC79-FA34E6E0820D_5"/>
                                                                <stop id="sid-54A66412-27FD-4EA5-AC79-FA34E6E0820Dfill_el"
                                                                      offset="100%"
                                                                      stop-color="#ffffff"
                                                                      stop-opacity="1"/>
                                                            </radialGradient>
                                                        </defs>
                                                        <path d=" M0 20.5  L20.5 0  L40 20.5  L20.5 40  z"
                                                              id="sid-54A66412-27FD-4EA5-AC79-FA34E6E0820Dbg_frame"
                                                              fill="url(#sid-54A66412-27FD-4EA5-AC79-FA34E6E0820Dbackground) white"
                                                              stroke="#000000"
                                                              style="stroke-width:1"/>
                                                        <g id="sid-54A66412-27FD-4EA5-AC79-FA34E6E0820Dcross"
                                                           display="inherit">
                                                            <path id="sid-54A66412-27FD-4EA5-AC79-FA34E6E0820Dcrosspath"
                                                                  stroke="#000000"
                                                                  fill="black"
                                                                  d=" M13.25 12.05  L17.25 12.05  L27.65 28.95  L23.75 28.95  z"
                                                                  style="stroke-width:1"/>
                                                            <path id="sid-54A66412-27FD-4EA5-AC79-FA34E6E0820Dcrosspath2"
                                                                  stroke="#000000"
                                                                  fill="black"
                                                                  d=" M13.25 28.95  L23.75 12.05  L27.65 12.05  L17.25 28.95  z"
                                                                  style="stroke-width:1"/>
                                                        </g>
                                                        <text id="sid-54A66412-27FD-4EA5-AC79-FA34E6E0820Dtext_name"
                                                              x="30" y="30"
                                                              oryx:align="left top"
                                                              stroke-width="0pt"
                                                              letter-spacing="-0.01px"
                                                              transform="rotate(0 30 30)"
                                                              oryx:fontSize="12"
                                                              text-anchor="start"/>
                                                    </g>
                                                </g>
                                                <g class="children"
                                                   style="overflow:hidden"/>
                                                <g class="edge"/>
                                            </g>
                                            <g class="controls">
                                                <g class="dockers"/>
                                                <g class="magnets"
                                                   transform="translate(179, 162)">
                                                    <g pointer-events="all"
                                                       display="none"
                                                       transform="translate(12.5, 12.5)">
                                                        <circle cx="8" cy="8"
                                                                r="4"
                                                                stroke="none"
                                                                fill="red"
                                                                fill-opacity="0.3"/>
                                                    </g>
                                                </g>
                                            </g>
                                        </g>
                                        <g id="svg-sid-464B8E64-10B4-4158-BDEE-11144CE20306">
                                            <g class="stencils"
                                               transform="translate(300.5, 51)">
                                                <g class="me">
                                                    <g pointer-events="fill"
                                                       id="sid-D04D321A-B677-4E11-A4EA-BF9EBFA1CF74"
                                                       title="End Event">
                                                        <defs id="sid-D04D321A-B677-4E11-A4EA-BF9EBFA1CF74_sid-D04D321A-B677-4E11-A4EA-BF9EBFA1CF74_5">
                                                            <radialGradient id="sid-D04D321A-B677-4E11-A4EA-BF9EBFA1CF74background"
                                                                            cx="10%"
                                                                            cy="10%"
                                                                            r="100%"
                                                                            fx="10%"
                                                                            fy="10%">
                                                                <stop offset="0%"
                                                                      stop-color="#ffffff"
                                                                      stop-opacity="1"
                                                                      id="sid-D04D321A-B677-4E11-A4EA-BF9EBFA1CF74_sid-D04D321A-B677-4E11-A4EA-BF9EBFA1CF74_6"/>
                                                                <stop id="sid-D04D321A-B677-4E11-A4EA-BF9EBFA1CF74fill_el"
                                                                      offset="100%"
                                                                      stop-color="#ffffff"
                                                                      stop-opacity="1"/>
                                                            </radialGradient>
                                                        </defs>
                                                        <circle id="sid-D04D321A-B677-4E11-A4EA-BF9EBFA1CF74bg_frame"
                                                                cx="14" cy="14"
                                                                r="14"
                                                                stroke="#000000"
                                                                fill="url(#sid-D04D321A-B677-4E11-A4EA-BF9EBFA1CF74background) white"
                                                                stroke-width="3"/>
                                                        <text font-size="11"
                                                              id="sid-D04D321A-B677-4E11-A4EA-BF9EBFA1CF74text_name"
                                                              x="14" y="30"
                                                              oryx:align="top center"
                                                              stroke="black"
                                                              stroke-width="0pt"
                                                              letter-spacing="-0.01px"
                                                              transform="rotate(0 14 30)"
                                                              oryx:fontSize="11"
                                                              text-anchor="middle"/>
                                                    </g>
                                                </g>
                                                <g class="children"
                                                   style="overflow:hidden"/>
                                                <g class="edge"/>
                                            </g>
                                            <g class="controls">
                                                <g class="dockers"/>
                                                <g class="magnets"
                                                   transform="translate(300.5, 51)">
                                                    <g pointer-events="all"
                                                       display="none"
                                                       transform="translate(6, 6)">
                                                        <circle cx="8" cy="8"
                                                                r="4"
                                                                stroke="none"
                                                                fill="red"
                                                                fill-opacity="0.3"/>
                                                    </g>
                                                </g>
                                            </g>
                                        </g>
                                        <g id="svg-sid-7C7227E8-087F-4CB6-9B60-200B5D495886">
                                            <g class="stencils"
                                               transform="translate(395, 144)">
                                                <g class="me">
                                                    <g pointer-events="fill"
                                                       oryx:minimumSize="80 60"
                                                       id="sid-CF081DEC-76EC-4841-84E6-BEFCE1C8E200"
                                                       title="Collapsed Subprocess">
                                                        <defs id="sid-CF081DEC-76EC-4841-84E6-BEFCE1C8E200_sid-CF081DEC-76EC-4841-84E6-BEFCE1C8E200_17">
                                                            <radialGradient id="sid-CF081DEC-76EC-4841-84E6-BEFCE1C8E200background"
                                                                            cx="10%"
                                                                            cy="10%"
                                                                            r="100%"
                                                                            fx="10%"
                                                                            fy="10%">
                                                                <stop offset="0%"
                                                                      stop-color="#ffffff"
                                                                      stop-opacity="1"
                                                                      id="sid-CF081DEC-76EC-4841-84E6-BEFCE1C8E200_sid-CF081DEC-76EC-4841-84E6-BEFCE1C8E200_18"/>
                                                                <stop id="sid-CF081DEC-76EC-4841-84E6-BEFCE1C8E200fill_el"
                                                                      offset="100%"
                                                                      stop-color="#ffffcc"
                                                                      stop-opacity="1"/>
                                                            </radialGradient>
                                                        </defs>
                                                        <rect id="sid-CF081DEC-76EC-4841-84E6-BEFCE1C8E200text_frame"
                                                              oryx:anchors="bottom top right left"
                                                              x="1" y="1"
                                                              width="109"
                                                              height="75"
                                                              rx="10" ry="10"
                                                              stroke="none"
                                                              stroke-width="0"
                                                              fill="none"/>
                                                        <rect id="sid-CF081DEC-76EC-4841-84E6-BEFCE1C8E200bg_frame"
                                                              oryx:anchors="bottom top right left"
                                                              x="0" y="0"
                                                              width="115"
                                                              height="76"
                                                              rx="10" ry="10"
                                                              stroke="#000000"
                                                              stroke-width="1"
                                                              fill="url(#sid-CF081DEC-76EC-4841-84E6-BEFCE1C8E200background) #ffffcc"/>
                                                        <rect id="sid-CF081DEC-76EC-4841-84E6-BEFCE1C8E200callActivity"
                                                              oryx:resize="vertical horizontal"
                                                              oryx:anchors="bottom top right left"
                                                              x="0" y="0"
                                                              width="115"
                                                              height="76"
                                                              rx="10" ry="10"
                                                              stroke="#000000"
                                                              stroke-width="4"
                                                              fill="none"
                                                              display="inherit"/>
                                                        <rect id="sid-CF081DEC-76EC-4841-84E6-BEFCE1C8E200border"
                                                              oryx:anchors="top bottom left right"
                                                              oryx:resize="vertical horizontal"
                                                              x="2.5" y="2.5"
                                                              width="110"
                                                              height="71" rx="8"
                                                              ry="8"
                                                              stroke="#000000"
                                                              stroke-width="1"
                                                              fill="none"
                                                              display="none"/>
                                                        <text font-size="12"
                                                              id="sid-CF081DEC-76EC-4841-84E6-BEFCE1C8E200text_name"
                                                              x="57" y="38"
                                                              oryx:align="middle center"
                                                              oryx:fittoelem="text_frame"
                                                              stroke="black"
                                                              stroke-width="0pt"
                                                              letter-spacing="-0.01px"
                                                              transform="rotate(0 57 38)"
                                                              oryx:fontSize="12"
                                                              text-anchor="middle">
                                                            <tspan x="57" y="38"
                                                                   dy="5">
                                                                Messages
                                                            </tspan>
                                                        </text>
                                                        <g id="sid-CF081DEC-76EC-4841-84E6-BEFCE1C8E200b"
                                                           oryx:anchors="bottom"
                                                           transform="translate(1)">
                                                            <rect id="sid-CF081DEC-76EC-4841-84E6-BEFCE1C8E200plusborder"
                                                                  oryx:anchors="bottom"
                                                                  x="50.49999999999999"
                                                                  y="62"
                                                                  width="14"
                                                                  height="14"
                                                                  fill="none"
                                                                  stroke="#000000"
                                                                  stroke-width="1"/>
                                                            <path id="sid-CF081DEC-76EC-4841-84E6-BEFCE1C8E200plus"
                                                                  oryx:anchors="bottom"
                                                                  fill="none"
                                                                  stroke="#000000"
                                                                  d=" M57.49999999999999 64  v10  M52.49999999999999 69  h10 "
                                                                  stroke-width="1"/>
                                                        </g>
                                                        <g id="sid-CF081DEC-76EC-4841-84E6-BEFCE1C8E200none"
                                                           display="inherit"/>
                                                        <g id="sid-CF081DEC-76EC-4841-84E6-BEFCE1C8E200loop"
                                                           display="none">
                                                            <path oryx:anchors="bottom"
                                                                  stroke="#000000"
                                                                  style="opacity:1;fill:none;fill-opacity:1;stroke-width:1.5;stroke-linecap:round;stroke-linejoin:round;stroke-miterlimit:2.0999999;stroke-dasharray:none;stroke-opacity:1"
                                                                  id="sid-CF081DEC-76EC-4841-84E6-BEFCE1C8E200path2396"
                                                                  d=" M56.99999999999999 68  L56.99999999999999 71  L53.99999999999999 71  M56.99999999999999 71  A4.875 4.875 0 1 1 60.99999999999999 71 "
                                                                  transform="translate(-15.5)"/>
                                                        </g>
                                                        <g id="sid-CF081DEC-76EC-4841-84E6-BEFCE1C8E200parallel"
                                                           display="none">
                                                            <path id="sid-CF081DEC-76EC-4841-84E6-BEFCE1C8E200parallelpath"
                                                                  oryx:anchors="bottom"
                                                                  fill="none"
                                                                  stroke="#000000"
                                                                  d=" M53.5 61  v10  M57.5 61  v10  M61.5 61  v10 "
                                                                  stroke-width="2"
                                                                  transform="translate(-14)"/>
                                                        </g>
                                                        <g id="sid-CF081DEC-76EC-4841-84E6-BEFCE1C8E200sequential"
                                                           display="none">
                                                            <path id="sid-CF081DEC-76EC-4841-84E6-BEFCE1C8E200sequentialpath"
                                                                  oryx:anchors="bottom"
                                                                  fill="none"
                                                                  stroke="#000000"
                                                                  stroke-width="2"
                                                                  d=" M52.49999999999999 63  h10  M52.49999999999999 67  h10  M52.49999999999999 71  h10 "
                                                                  transform="translate(-14)"/>
                                                        </g>
                                                        <g id="sid-CF081DEC-76EC-4841-84E6-BEFCE1C8E200adhoc"
                                                           transform="translate(16)"
                                                           display="none">
                                                            <path id="sid-CF081DEC-76EC-4841-84E6-BEFCE1C8E200adhocpath"
                                                                  d=" m62.49999999999999 66  l0 2.0343  c-0.54305 0.60192 -1.04853 1.0324 -1.51647 1.29142  c-0.46216 0.25908 -0.94744 0.38857 -1.4558 0.38857  c-0.57194 0 -1.23628 -0.22473 -1.99307 -0.67428  c-0.0577 -0.0306 -0.10111 -0.0534 -0.12999 -0.0687  c-0.0346 -0.0228 -0.0896 -0.0533 -0.16464 -0.0915  c-0.80878 -0.47234 -1.4558 -0.70857 -1.94107 -0.70857  c-0.46217 0 -0.91566 0.14858 -1.36047 0.44576  c-0.44485 0.2895 -0.92434 0.75046 -1.43849 1.38285  l0 -2.03429  c0.54881 -0.60194 1.05431 -1.0324 1.51647 -1.29147  c0.46793 -0.26666 0.9532 -0.39999 1.45581 -0.39999  c0.57191 0 1.24205 0.22856 2.01039 0.68574  c0.0461 0.0308 0.0838 0.0533 0.11266 0.0687  c0.0404 0.0228 0.0982 0.0533 0.1733 0.0913  c0.803 0.4724 1.45002 0.70861 1.94108 0.70857  c0.44481 0.00004 0.88676 -0.14475 1.32581 -0.43429  c0.43905 -0.2895 0.9272 -0.75425 1.46448 -1.39428 "
                                                                  oryx:anchors="bottom"
                                                                  stroke="#000000"
                                                                  fill="black"
                                                                  stroke-width="1"/>
                                                        </g>
                                                        <g id="sid-CF081DEC-76EC-4841-84E6-BEFCE1C8E200compensation"
                                                           display="none">
                                                            <path id="sid-CF081DEC-76EC-4841-84E6-BEFCE1C8E200compensationpath"
                                                                  oryx:anchors="bottom"
                                                                  fill="none"
                                                                  stroke="#000000"
                                                                  d=" M57.4775 66  L62.4775 61  L62.4775 71  z M52.1775 66  L57.1775 71  L57.1775 61  z"
                                                                  stroke-width="1"
                                                                  transform="translate(-27,0)"/>
                                                        </g>
                                                    </g>
                                                </g>
                                                <g class="children"
                                                   style="overflow:hidden"/>
                                                <g class="edge"/>
                                            </g>
                                            <g class="controls">
                                                <g class="dockers"/>
                                                <g class="magnets"
                                                   transform="translate(395, 144)">
                                                    <g pointer-events="all"
                                                       display="none"
                                                       transform="translate(-7, 11)">
                                                        <circle cx="8" cy="8"
                                                                r="4"
                                                                stroke="none"
                                                                fill="red"
                                                                fill-opacity="0.3"/>
                                                    </g>
                                                    <g pointer-events="all"
                                                       display="none"
                                                       transform="translate(-7, 30)">
                                                        <circle cx="8" cy="8"
                                                                r="4"
                                                                stroke="none"
                                                                fill="red"
                                                                fill-opacity="0.3"/>
                                                    </g>
                                                    <g pointer-events="all"
                                                       display="none"
                                                       transform="translate(-7, 49)">
                                                        <circle cx="8" cy="8"
                                                                r="4"
                                                                stroke="none"
                                                                fill="red"
                                                                fill-opacity="0.3"/>
                                                    </g>
                                                    <g pointer-events="all"
                                                       display="none"
                                                       transform="translate(20.749999999999996, 67)">
                                                        <circle cx="8" cy="8"
                                                                r="4"
                                                                stroke="none"
                                                                fill="red"
                                                                fill-opacity="0.3"/>
                                                    </g>
                                                    <g pointer-events="all"
                                                       display="none"
                                                       transform="translate(49.49999999999999, 67)">
                                                        <circle cx="8" cy="8"
                                                                r="4"
                                                                stroke="none"
                                                                fill="red"
                                                                fill-opacity="0.3"/>
                                                    </g>
                                                    <g pointer-events="all"
                                                       display="none"
                                                       transform="translate(78.25, 67)">
                                                        <circle cx="8" cy="8"
                                                                r="4"
                                                                stroke="none"
                                                                fill="red"
                                                                fill-opacity="0.3"/>
                                                    </g>
                                                    <g pointer-events="all"
                                                       display="none"
                                                       transform="translate(106, 11)">
                                                        <circle cx="8" cy="8"
                                                                r="4"
                                                                stroke="none"
                                                                fill="red"
                                                                fill-opacity="0.3"/>
                                                    </g>
                                                    <g pointer-events="all"
                                                       display="none"
                                                       transform="translate(106, 30)">
                                                        <circle cx="8" cy="8"
                                                                r="4"
                                                                stroke="none"
                                                                fill="red"
                                                                fill-opacity="0.3"/>
                                                    </g>
                                                    <g pointer-events="all"
                                                       display="none"
                                                       transform="translate(106, 49)">
                                                        <circle cx="8" cy="8"
                                                                r="4"
                                                                stroke="none"
                                                                fill="red"
                                                                fill-opacity="0.3"/>
                                                    </g>
                                                    <g pointer-events="all"
                                                       display="none"
                                                       transform="translate(20.749999999999996, -7)">
                                                        <circle cx="8" cy="8"
                                                                r="4"
                                                                stroke="none"
                                                                fill="red"
                                                                fill-opacity="0.3"/>
                                                    </g>
                                                    <g pointer-events="all"
                                                       display="none"
                                                       transform="translate(49.49999999999999, -7)">
                                                        <circle cx="8" cy="8"
                                                                r="4"
                                                                stroke="none"
                                                                fill="red"
                                                                fill-opacity="0.3"/>
                                                    </g>
                                                    <g pointer-events="all"
                                                       display="none"
                                                       transform="translate(78.25, -7)">
                                                        <circle cx="8" cy="8"
                                                                r="4"
                                                                stroke="none"
                                                                fill="red"
                                                                fill-opacity="0.3"/>
                                                    </g>
                                                    <g pointer-events="all"
                                                       display="none"
                                                       transform="translate(49.49999999999999, 30)">
                                                        <circle cx="8" cy="8"
                                                                r="4"
                                                                stroke="none"
                                                                fill="red"
                                                                fill-opacity="0.3"/>
                                                    </g>
                                                </g>
                                            </g>
                                        </g>
                                        <g id="svg-sid-983D0282-05EA-48F6-B02F-41BBD8DF538E">
                                            <g class="stencils"
                                               transform="translate(402.5, 247)">
                                                <g class="me">
                                                    <g pointer-events="fill"
                                                       oryx:minimumSize="80 60"
                                                       id="sid-59E8F652-2B73-4886-B5A1-9690315D2364"
                                                       title="Collapsed Subprocess">
                                                        <defs id="sid-59E8F652-2B73-4886-B5A1-9690315D2364_sid-59E8F652-2B73-4886-B5A1-9690315D2364_17">
                                                            <radialGradient id="sid-59E8F652-2B73-4886-B5A1-9690315D2364background"
                                                                            cx="10%"
                                                                            cy="10%"
                                                                            r="100%"
                                                                            fx="10%"
                                                                            fy="10%">
                                                                <stop offset="0%"
                                                                      stop-color="#ffffff"
                                                                      stop-opacity="1"
                                                                      id="sid-59E8F652-2B73-4886-B5A1-9690315D2364_sid-59E8F652-2B73-4886-B5A1-9690315D2364_18"/>
                                                                <stop id="sid-59E8F652-2B73-4886-B5A1-9690315D2364fill_el"
                                                                      offset="100%"
                                                                      stop-color="#ffffcc"
                                                                      stop-opacity="1"/>
                                                            </radialGradient>
                                                        </defs>
                                                        <rect id="sid-59E8F652-2B73-4886-B5A1-9690315D2364text_frame"
                                                              oryx:anchors="bottom top right left"
                                                              x="1" y="1"
                                                              width="94"
                                                              height="79"
                                                              rx="10" ry="10"
                                                              stroke="none"
                                                              stroke-width="0"
                                                              fill="none"/>
                                                        <rect id="sid-59E8F652-2B73-4886-B5A1-9690315D2364bg_frame"
                                                              oryx:anchors="bottom top right left"
                                                              x="0" y="0"
                                                              width="100"
                                                              height="80"
                                                              rx="10" ry="10"
                                                              stroke="#000000"
                                                              stroke-width="1"
                                                              fill="url(#sid-59E8F652-2B73-4886-B5A1-9690315D2364background) #ffffcc"/>
                                                        <rect id="sid-59E8F652-2B73-4886-B5A1-9690315D2364callActivity"
                                                              oryx:resize="vertical horizontal"
                                                              oryx:anchors="bottom top right left"
                                                              x="0" y="0"
                                                              width="100"
                                                              height="80"
                                                              rx="10" ry="10"
                                                              stroke="#000000"
                                                              stroke-width="4"
                                                              fill="none"
                                                              display="inherit"/>
                                                        <rect id="sid-59E8F652-2B73-4886-B5A1-9690315D2364border"
                                                              oryx:anchors="top bottom left right"
                                                              oryx:resize="vertical horizontal"
                                                              x="2.5" y="2.5"
                                                              width="95"
                                                              height="75" rx="8"
                                                              ry="8"
                                                              stroke="#000000"
                                                              stroke-width="1"
                                                              fill="none"
                                                              display="none"/>
                                                        <text font-size="12"
                                                              id="sid-59E8F652-2B73-4886-B5A1-9690315D2364text_name"
                                                              x="50" y="40"
                                                              oryx:align="middle center"
                                                              oryx:fittoelem="text_frame"
                                                              stroke="black"
                                                              stroke-width="0pt"
                                                              letter-spacing="-0.01px"
                                                              transform="rotate(0 50 40)"
                                                              oryx:fontSize="12"
                                                              text-anchor="middle">
                                                            <tspan x="50" y="40"
                                                                   dy="5">
                                                                Scripts
                                                            </tspan>
                                                        </text>
                                                        <g id="sid-59E8F652-2B73-4886-B5A1-9690315D2364b"
                                                           oryx:anchors="bottom"
                                                           transform="translate(1)">
                                                            <rect id="sid-59E8F652-2B73-4886-B5A1-9690315D2364plusborder"
                                                                  oryx:anchors="bottom"
                                                                  x="43" y="66"
                                                                  width="14"
                                                                  height="14"
                                                                  fill="none"
                                                                  stroke="#000000"
                                                                  stroke-width="1"/>
                                                            <path id="sid-59E8F652-2B73-4886-B5A1-9690315D2364plus"
                                                                  oryx:anchors="bottom"
                                                                  fill="none"
                                                                  stroke="#000000"
                                                                  d="M50 68 v10 M 45 73 h10"
                                                                  stroke-width="1"/>
                                                        </g>
                                                        <g id="sid-59E8F652-2B73-4886-B5A1-9690315D2364none"
                                                           display="inherit"/>
                                                        <g id="sid-59E8F652-2B73-4886-B5A1-9690315D2364loop"
                                                           display="none">
                                                            <path oryx:anchors="bottom"
                                                                  stroke="#000000"
                                                                  style="opacity:1;fill:none;fill-opacity:1;stroke-width:1.5;stroke-linecap:round;stroke-linejoin:round;stroke-miterlimit:2.0999999;stroke-dasharray:none;stroke-opacity:1"
                                                                  id="sid-59E8F652-2B73-4886-B5A1-9690315D2364path2396"
                                                                  d="M 49.5,72 L 49.5,75 L 46.5,75 M 49.5,75 A 4.875,4.875 0 1 1 53.5,75"
                                                                  transform="translate(-15.5)"/>
                                                        </g>
                                                        <g id="sid-59E8F652-2B73-4886-B5A1-9690315D2364parallel"
                                                           display="none">
                                                            <path id="sid-59E8F652-2B73-4886-B5A1-9690315D2364parallelpath"
                                                                  oryx:anchors="bottom"
                                                                  fill="none"
                                                                  stroke="#000000"
                                                                  d="M46 65 v10 M50 65 v10 M54 65 v10"
                                                                  stroke-width="2"
                                                                  transform="translate(-14)"/>
                                                        </g>
                                                        <g id="sid-59E8F652-2B73-4886-B5A1-9690315D2364sequential"
                                                           display="none">
                                                            <path id="sid-59E8F652-2B73-4886-B5A1-9690315D2364sequentialpath"
                                                                  oryx:anchors="bottom"
                                                                  fill="none"
                                                                  stroke="#000000"
                                                                  stroke-width="2"
                                                                  d="M45,67 h10 M45,71 h10 M45,75 h10"
                                                                  transform="translate(-14)"/>
                                                        </g>
                                                        <g id="sid-59E8F652-2B73-4886-B5A1-9690315D2364adhoc"
                                                           transform="translate(16)"
                                                           display="none">
                                                            <path id="sid-59E8F652-2B73-4886-B5A1-9690315D2364adhocpath"
                                                                  d="m 55,70 0,2.0343 c -0.54305,0.60192 -1.04853,1.0324 -1.51647,1.29142 -0.46216,0.25908 -0.94744,0.38857 -1.4558,0.38857 -0.57194,0 -1.23628,-0.22473 -1.99307,-0.67428 -0.0577,-0.0306 -0.10111,-0.0534 -0.12999,-0.0687 -0.0346,-0.0228 -0.0896,-0.0533 -0.16464,-0.0915 -0.80878,-0.47234 -1.4558,-0.70857 -1.94107,-0.70857 -0.46217,0 -0.91566,0.14858 -1.36047,0.44576 -0.44485,0.2895 -0.92434,0.75046 -1.43849,1.38285 l 0,-2.03429 c 0.54881,-0.60194 1.05431,-1.0324 1.51647,-1.29147 0.46793,-0.26666 0.9532,-0.39999 1.45581,-0.39999 0.57191,0 1.24205,0.22856 2.01039,0.68574 0.0461,0.0308 0.0838,0.0533 0.11266,0.0687 0.0404,0.0228 0.0982,0.0533 0.1733,0.0913 0.803,0.4724 1.45002,0.70861 1.94108,0.70857 0.44481,4e-5 0.88676,-0.14475 1.32581,-0.43429 0.43905,-0.2895 0.9272,-0.75425 1.46448,-1.39428"
                                                                  oryx:anchors="bottom"
                                                                  stroke="#000000"
                                                                  fill="black"
                                                                  stroke-width="1"/>
                                                        </g>
                                                        <g id="sid-59E8F652-2B73-4886-B5A1-9690315D2364compensation"
                                                           display="none">
                                                            <path id="sid-59E8F652-2B73-4886-B5A1-9690315D2364compensationpath"
                                                                  oryx:anchors="bottom"
                                                                  fill="none"
                                                                  stroke="#000000"
                                                                  d="M 50 70 L 55 65 L 55 75z M44.7 70 L49.7 75 L 49.7 65z"
                                                                  stroke-width="1"
                                                                  transform="translate(-27,0)"/>
                                                        </g>
                                                    </g>
                                                </g>
                                                <g class="children"
                                                   style="overflow:hidden"/>
                                                <g class="edge"/>
                                            </g>
                                            <g class="controls">
                                                <g class="dockers"/>
                                                <g class="magnets"
                                                   transform="translate(402.5, 247)">
                                                    <g pointer-events="all"
                                                       display="none"
                                                       transform="translate(-7, 12)">
                                                        <circle cx="8" cy="8"
                                                                r="4"
                                                                stroke="none"
                                                                fill="red"
                                                                fill-opacity="0.3"/>
                                                    </g>
                                                    <g pointer-events="all"
                                                       display="none"
                                                       transform="translate(-7, 32)">
                                                        <circle cx="8" cy="8"
                                                                r="4"
                                                                stroke="none"
                                                                fill="red"
                                                                fill-opacity="0.3"/>
                                                    </g>
                                                    <g pointer-events="all"
                                                       display="none"
                                                       transform="translate(-7, 52)">
                                                        <circle cx="8" cy="8"
                                                                r="4"
                                                                stroke="none"
                                                                fill="red"
                                                                fill-opacity="0.3"/>
                                                    </g>
                                                    <g pointer-events="all"
                                                       display="none"
                                                       transform="translate(17, 71)">
                                                        <circle cx="8" cy="8"
                                                                r="4"
                                                                stroke="none"
                                                                fill="red"
                                                                fill-opacity="0.3"/>
                                                    </g>
                                                    <g pointer-events="all"
                                                       display="none"
                                                       transform="translate(42, 71)">
                                                        <circle cx="8" cy="8"
                                                                r="4"
                                                                stroke="none"
                                                                fill="red"
                                                                fill-opacity="0.3"/>
                                                    </g>
                                                    <g pointer-events="all"
                                                       display="none"
                                                       transform="translate(67, 71)">
                                                        <circle cx="8" cy="8"
                                                                r="4"
                                                                stroke="none"
                                                                fill="red"
                                                                fill-opacity="0.3"/>
                                                    </g>
                                                    <g pointer-events="all"
                                                       display="none"
                                                       transform="translate(91, 12)">
                                                        <circle cx="8" cy="8"
                                                                r="4"
                                                                stroke="none"
                                                                fill="red"
                                                                fill-opacity="0.3"/>
                                                    </g>
                                                    <g pointer-events="all"
                                                       display="none"
                                                       transform="translate(91, 32)">
                                                        <circle cx="8" cy="8"
                                                                r="4"
                                                                stroke="none"
                                                                fill="red"
                                                                fill-opacity="0.3"/>
                                                    </g>
                                                    <g pointer-events="all"
                                                       display="none"
                                                       transform="translate(91, 52)">
                                                        <circle cx="8" cy="8"
                                                                r="4"
                                                                stroke="none"
                                                                fill="red"
                                                                fill-opacity="0.3"/>
                                                    </g>
                                                    <g pointer-events="all"
                                                       display="none"
                                                       transform="translate(17, -7)">
                                                        <circle cx="8" cy="8"
                                                                r="4"
                                                                stroke="none"
                                                                fill="red"
                                                                fill-opacity="0.3"/>
                                                    </g>
                                                    <g pointer-events="all"
                                                       display="none"
                                                       transform="translate(42, -7)">
                                                        <circle cx="8" cy="8"
                                                                r="4"
                                                                stroke="none"
                                                                fill="red"
                                                                fill-opacity="0.3"/>
                                                    </g>
                                                    <g pointer-events="all"
                                                       display="none"
                                                       transform="translate(67, -7)">
                                                        <circle cx="8" cy="8"
                                                                r="4"
                                                                stroke="none"
                                                                fill="red"
                                                                fill-opacity="0.3"/>
                                                    </g>
                                                    <g pointer-events="all"
                                                       display="none"
                                                       transform="translate(42, 32)">
                                                        <circle cx="8" cy="8"
                                                                r="4"
                                                                stroke="none"
                                                                fill="red"
                                                                fill-opacity="0.3"/>
                                                    </g>
                                                </g>
                                            </g>
                                        </g>
                                        <g id="svg-sid-5A3ED200-8278-4D1F-9F84-B5E53B268133">
                                            <g class="stencils"
                                               transform="translate(402.5, 359)">
                                                <g class="me">
                                                    <g pointer-events="fill"
                                                       oryx:minimumSize="80 60"
                                                       id="sid-80E31514-73B7-4D4C-8EAF-023CC27AD18A"
                                                       title="Collapsed Subprocess">
                                                        <defs id="sid-80E31514-73B7-4D4C-8EAF-023CC27AD18A_sid-80E31514-73B7-4D4C-8EAF-023CC27AD18A_17">
                                                            <radialGradient id="sid-80E31514-73B7-4D4C-8EAF-023CC27AD18Abackground"
                                                                            cx="10%"
                                                                            cy="10%"
                                                                            r="100%"
                                                                            fx="10%"
                                                                            fy="10%">
                                                                <stop offset="0%"
                                                                      stop-color="#ffffff"
                                                                      stop-opacity="1"
                                                                      id="sid-80E31514-73B7-4D4C-8EAF-023CC27AD18A_sid-80E31514-73B7-4D4C-8EAF-023CC27AD18A_18"/>
                                                                <stop id="sid-80E31514-73B7-4D4C-8EAF-023CC27AD18Afill_el"
                                                                      offset="100%"
                                                                      stop-color="#ffffcc"
                                                                      stop-opacity="1"/>
                                                            </radialGradient>
                                                        </defs>
                                                        <rect id="sid-80E31514-73B7-4D4C-8EAF-023CC27AD18Atext_frame"
                                                              oryx:anchors="bottom top right left"
                                                              x="1" y="1"
                                                              width="94"
                                                              height="79"
                                                              rx="10" ry="10"
                                                              stroke="none"
                                                              stroke-width="0"
                                                              fill="none"/>
                                                        <rect id="sid-80E31514-73B7-4D4C-8EAF-023CC27AD18Abg_frame"
                                                              oryx:anchors="bottom top right left"
                                                              x="0" y="0"
                                                              width="100"
                                                              height="80"
                                                              rx="10" ry="10"
                                                              stroke="#000000"
                                                              stroke-width="1"
                                                              fill="url(#sid-80E31514-73B7-4D4C-8EAF-023CC27AD18Abackground) #ffffcc"/>
                                                        <rect id="sid-80E31514-73B7-4D4C-8EAF-023CC27AD18AcallActivity"
                                                              oryx:resize="vertical horizontal"
                                                              oryx:anchors="bottom top right left"
                                                              x="0" y="0"
                                                              width="100"
                                                              height="80"
                                                              rx="10" ry="10"
                                                              stroke="#000000"
                                                              stroke-width="4"
                                                              fill="none"
                                                              display="inherit"/>
                                                        <rect id="sid-80E31514-73B7-4D4C-8EAF-023CC27AD18Aborder"
                                                              oryx:anchors="top bottom left right"
                                                              oryx:resize="vertical horizontal"
                                                              x="2.5" y="2.5"
                                                              width="95"
                                                              height="75" rx="8"
                                                              ry="8"
                                                              stroke="#000000"
                                                              stroke-width="1"
                                                              fill="none"
                                                              display="none"/>
                                                        <text font-size="12"
                                                              id="sid-80E31514-73B7-4D4C-8EAF-023CC27AD18Atext_name"
                                                              x="50" y="40"
                                                              oryx:align="middle center"
                                                              oryx:fittoelem="text_frame"
                                                              stroke="black"
                                                              stroke-width="0pt"
                                                              letter-spacing="-0.01px"
                                                              transform="rotate(0 50 40)"
                                                              oryx:fontSize="12"
                                                              text-anchor="middle">
                                                            <tspan x="50" y="40"
                                                                   dy="-1">
                                                                Message
                                                            </tspan>
                                                            <tspan x="50" y="40"
                                                                   dy="11">
                                                                Interrupts
                                                            </tspan>
                                                        </text>
                                                        <g id="sid-80E31514-73B7-4D4C-8EAF-023CC27AD18Ab"
                                                           oryx:anchors="bottom"
                                                           transform="translate(1)">
                                                            <rect id="sid-80E31514-73B7-4D4C-8EAF-023CC27AD18Aplusborder"
                                                                  oryx:anchors="bottom"
                                                                  x="43" y="66"
                                                                  width="14"
                                                                  height="14"
                                                                  fill="none"
                                                                  stroke="#000000"
                                                                  stroke-width="1"/>
                                                            <path id="sid-80E31514-73B7-4D4C-8EAF-023CC27AD18Aplus"
                                                                  oryx:anchors="bottom"
                                                                  fill="none"
                                                                  stroke="#000000"
                                                                  d="M50 68 v10 M 45 73 h10"
                                                                  stroke-width="1"/>
                                                        </g>
                                                        <g id="sid-80E31514-73B7-4D4C-8EAF-023CC27AD18Anone"
                                                           display="inherit"/>
                                                        <g id="sid-80E31514-73B7-4D4C-8EAF-023CC27AD18Aloop"
                                                           display="none">
                                                            <path oryx:anchors="bottom"
                                                                  stroke="#000000"
                                                                  style="opacity:1;fill:none;fill-opacity:1;stroke-width:1.5;stroke-linecap:round;stroke-linejoin:round;stroke-miterlimit:2.0999999;stroke-dasharray:none;stroke-opacity:1"
                                                                  id="sid-80E31514-73B7-4D4C-8EAF-023CC27AD18Apath2396"
                                                                  d="M 49.5,72 L 49.5,75 L 46.5,75 M 49.5,75 A 4.875,4.875 0 1 1 53.5,75"
                                                                  transform="translate(-15.5)"/>
                                                        </g>
                                                        <g id="sid-80E31514-73B7-4D4C-8EAF-023CC27AD18Aparallel"
                                                           display="none">
                                                            <path id="sid-80E31514-73B7-4D4C-8EAF-023CC27AD18Aparallelpath"
                                                                  oryx:anchors="bottom"
                                                                  fill="none"
                                                                  stroke="#000000"
                                                                  d="M46 65 v10 M50 65 v10 M54 65 v10"
                                                                  stroke-width="2"
                                                                  transform="translate(-14)"/>
                                                        </g>
                                                        <g id="sid-80E31514-73B7-4D4C-8EAF-023CC27AD18Asequential"
                                                           display="none">
                                                            <path id="sid-80E31514-73B7-4D4C-8EAF-023CC27AD18Asequentialpath"
                                                                  oryx:anchors="bottom"
                                                                  fill="none"
                                                                  stroke="#000000"
                                                                  stroke-width="2"
                                                                  d="M45,67 h10 M45,71 h10 M45,75 h10"
                                                                  transform="translate(-14)"/>
                                                        </g>
                                                        <g id="sid-80E31514-73B7-4D4C-8EAF-023CC27AD18Aadhoc"
                                                           transform="translate(16)"
                                                           display="none">
                                                            <path id="sid-80E31514-73B7-4D4C-8EAF-023CC27AD18Aadhocpath"
                                                                  d="m 55,70 0,2.0343 c -0.54305,0.60192 -1.04853,1.0324 -1.51647,1.29142 -0.46216,0.25908 -0.94744,0.38857 -1.4558,0.38857 -0.57194,0 -1.23628,-0.22473 -1.99307,-0.67428 -0.0577,-0.0306 -0.10111,-0.0534 -0.12999,-0.0687 -0.0346,-0.0228 -0.0896,-0.0533 -0.16464,-0.0915 -0.80878,-0.47234 -1.4558,-0.70857 -1.94107,-0.70857 -0.46217,0 -0.91566,0.14858 -1.36047,0.44576 -0.44485,0.2895 -0.92434,0.75046 -1.43849,1.38285 l 0,-2.03429 c 0.54881,-0.60194 1.05431,-1.0324 1.51647,-1.29147 0.46793,-0.26666 0.9532,-0.39999 1.45581,-0.39999 0.57191,0 1.24205,0.22856 2.01039,0.68574 0.0461,0.0308 0.0838,0.0533 0.11266,0.0687 0.0404,0.0228 0.0982,0.0533 0.1733,0.0913 0.803,0.4724 1.45002,0.70861 1.94108,0.70857 0.44481,4e-5 0.88676,-0.14475 1.32581,-0.43429 0.43905,-0.2895 0.9272,-0.75425 1.46448,-1.39428"
                                                                  oryx:anchors="bottom"
                                                                  stroke="#000000"
                                                                  fill="black"
                                                                  stroke-width="1"/>
                                                        </g>
                                                        <g id="sid-80E31514-73B7-4D4C-8EAF-023CC27AD18Acompensation"
                                                           display="none">
                                                            <path id="sid-80E31514-73B7-4D4C-8EAF-023CC27AD18Acompensationpath"
                                                                  oryx:anchors="bottom"
                                                                  fill="none"
                                                                  stroke="#000000"
                                                                  d="M 50 70 L 55 65 L 55 75z M44.7 70 L49.7 75 L 49.7 65z"
                                                                  stroke-width="1"
                                                                  transform="translate(-27,0)"/>
                                                        </g>
                                                    </g>
                                                </g>
                                                <g class="children"
                                                   style="overflow:hidden"/>
                                                <g class="edge"/>
                                            </g>
                                            <g class="controls">
                                                <g class="dockers"/>
                                                <g class="magnets"
                                                   transform="translate(402.5, 359)">
                                                    <g pointer-events="all"
                                                       display="none"
                                                       transform="translate(-7, 12)">
                                                        <circle cx="8" cy="8"
                                                                r="4"
                                                                stroke="none"
                                                                fill="red"
                                                                fill-opacity="0.3"/>
                                                    </g>
                                                    <g pointer-events="all"
                                                       display="none"
                                                       transform="translate(-7, 32)">
                                                        <circle cx="8" cy="8"
                                                                r="4"
                                                                stroke="none"
                                                                fill="red"
                                                                fill-opacity="0.3"/>
                                                    </g>
                                                    <g pointer-events="all"
                                                       display="none"
                                                       transform="translate(-7, 52)">
                                                        <circle cx="8" cy="8"
                                                                r="4"
                                                                stroke="none"
                                                                fill="red"
                                                                fill-opacity="0.3"/>
                                                    </g>
                                                    <g pointer-events="all"
                                                       display="none"
                                                       transform="translate(17, 71)">
                                                        <circle cx="8" cy="8"
                                                                r="4"
                                                                stroke="none"
                                                                fill="red"
                                                                fill-opacity="0.3"/>
                                                    </g>
                                                    <g pointer-events="all"
                                                       display="none"
                                                       transform="translate(42, 71)">
                                                        <circle cx="8" cy="8"
                                                                r="4"
                                                                stroke="none"
                                                                fill="red"
                                                                fill-opacity="0.3"/>
                                                    </g>
                                                    <g pointer-events="all"
                                                       display="none"
                                                       transform="translate(67, 71)">
                                                        <circle cx="8" cy="8"
                                                                r="4"
                                                                stroke="none"
                                                                fill="red"
                                                                fill-opacity="0.3"/>
                                                    </g>
                                                    <g pointer-events="all"
                                                       display="none"
                                                       transform="translate(91, 12)">
                                                        <circle cx="8" cy="8"
                                                                r="4"
                                                                stroke="none"
                                                                fill="red"
                                                                fill-opacity="0.3"/>
                                                    </g>
                                                    <g pointer-events="all"
                                                       display="none"
                                                       transform="translate(91, 32)">
                                                        <circle cx="8" cy="8"
                                                                r="4"
                                                                stroke="none"
                                                                fill="red"
                                                                fill-opacity="0.3"/>
                                                    </g>
                                                    <g pointer-events="all"
                                                       display="none"
                                                       transform="translate(91, 52)">
                                                        <circle cx="8" cy="8"
                                                                r="4"
                                                                stroke="none"
                                                                fill="red"
                                                                fill-opacity="0.3"/>
                                                    </g>
                                                    <g pointer-events="all"
                                                       display="none"
                                                       transform="translate(17, -7)">
                                                        <circle cx="8" cy="8"
                                                                r="4"
                                                                stroke="none"
                                                                fill="red"
                                                                fill-opacity="0.3"/>
                                                    </g>
                                                    <g pointer-events="all"
                                                       display="none"
                                                       transform="translate(42, -7)">
                                                        <circle cx="8" cy="8"
                                                                r="4"
                                                                stroke="none"
                                                                fill="red"
                                                                fill-opacity="0.3"/>
                                                    </g>
                                                    <g pointer-events="all"
                                                       display="none"
                                                       transform="translate(67, -7)">
                                                        <circle cx="8" cy="8"
                                                                r="4"
                                                                stroke="none"
                                                                fill="red"
                                                                fill-opacity="0.3"/>
                                                    </g>
                                                    <g pointer-events="all"
                                                       display="none"
                                                       transform="translate(42, 32)">
                                                        <circle cx="8" cy="8"
                                                                r="4"
                                                                stroke="none"
                                                                fill="red"
                                                                fill-opacity="0.3"/>
                                                    </g>
                                                </g>
                                            </g>
                                        </g>
                                        <g id="svg-sid-60507DE6-5A96-4C88-A322-E3451526EB33">
                                            <g class="stencils"
                                               transform="translate(402.5, 465)">
                                                <g class="me">
                                                    <g pointer-events="fill"
                                                       oryx:minimumSize="80 60"
                                                       id="sid-67A04A9B-5FBF-470A-9273-8CC721F7558C"
                                                       title="Collapsed Subprocess">
                                                        <defs id="sid-67A04A9B-5FBF-470A-9273-8CC721F7558C_sid-67A04A9B-5FBF-470A-9273-8CC721F7558C_17">
                                                            <radialGradient id="sid-67A04A9B-5FBF-470A-9273-8CC721F7558Cbackground"
                                                                            cx="10%"
                                                                            cy="10%"
                                                                            r="100%"
                                                                            fx="10%"
                                                                            fy="10%">
                                                                <stop offset="0%"
                                                                      stop-color="#ffffff"
                                                                      stop-opacity="1"
                                                                      id="sid-67A04A9B-5FBF-470A-9273-8CC721F7558C_sid-67A04A9B-5FBF-470A-9273-8CC721F7558C_18"/>
                                                                <stop id="sid-67A04A9B-5FBF-470A-9273-8CC721F7558Cfill_el"
                                                                      offset="100%"
                                                                      stop-color="#ffffcc"
                                                                      stop-opacity="1"/>
                                                            </radialGradient>
                                                        </defs>
                                                        <rect id="sid-67A04A9B-5FBF-470A-9273-8CC721F7558Ctext_frame"
                                                              oryx:anchors="bottom top right left"
                                                              x="1" y="1"
                                                              width="94"
                                                              height="79"
                                                              rx="10" ry="10"
                                                              stroke="none"
                                                              stroke-width="0"
                                                              fill="none"/>
                                                        <rect id="sid-67A04A9B-5FBF-470A-9273-8CC721F7558Cbg_frame"
                                                              oryx:anchors="bottom top right left"
                                                              x="0" y="0"
                                                              width="100"
                                                              height="80"
                                                              rx="10" ry="10"
                                                              stroke="#000000"
                                                              stroke-width="1"
                                                              fill="url(#sid-67A04A9B-5FBF-470A-9273-8CC721F7558Cbackground) #ffffcc"/>
                                                        <rect id="sid-67A04A9B-5FBF-470A-9273-8CC721F7558CcallActivity"
                                                              oryx:resize="vertical horizontal"
                                                              oryx:anchors="bottom top right left"
                                                              x="0" y="0"
                                                              width="100"
                                                              height="80"
                                                              rx="10" ry="10"
                                                              stroke="#000000"
                                                              stroke-width="4"
                                                              fill="none"
                                                              display="inherit"/>
                                                        <rect id="sid-67A04A9B-5FBF-470A-9273-8CC721F7558Cborder"
                                                              oryx:anchors="top bottom left right"
                                                              oryx:resize="vertical horizontal"
                                                              x="2.5" y="2.5"
                                                              width="95"
                                                              height="75" rx="8"
                                                              ry="8"
                                                              stroke="#000000"
                                                              stroke-width="1"
                                                              fill="none"
                                                              display="none"/>
                                                        <text font-size="12"
                                                              id="sid-67A04A9B-5FBF-470A-9273-8CC721F7558Ctext_name"
                                                              x="50" y="40"
                                                              oryx:align="middle center"
                                                              oryx:fittoelem="text_frame"
                                                              stroke="black"
                                                              stroke-width="0pt"
                                                              letter-spacing="-0.01px"
                                                              transform="rotate(0 50 40)"
                                                              oryx:fontSize="12"
                                                              text-anchor="middle">
                                                            <tspan x="50" y="40"
                                                                   dy="-1">
                                                                Message Non
                                                            </tspan>
                                                            <tspan x="50" y="40"
                                                                   dy="11">
                                                                Interrupt
                                                            </tspan>
                                                        </text>
                                                        <g id="sid-67A04A9B-5FBF-470A-9273-8CC721F7558Cb"
                                                           oryx:anchors="bottom"
                                                           transform="translate(1)">
                                                            <rect id="sid-67A04A9B-5FBF-470A-9273-8CC721F7558Cplusborder"
                                                                  oryx:anchors="bottom"
                                                                  x="43" y="66"
                                                                  width="14"
                                                                  height="14"
                                                                  fill="none"
                                                                  stroke="#000000"
                                                                  stroke-width="1"/>
                                                            <path id="sid-67A04A9B-5FBF-470A-9273-8CC721F7558Cplus"
                                                                  oryx:anchors="bottom"
                                                                  fill="none"
                                                                  stroke="#000000"
                                                                  d="M50 68 v10 M 45 73 h10"
                                                                  stroke-width="1"/>
                                                        </g>
                                                        <g id="sid-67A04A9B-5FBF-470A-9273-8CC721F7558Cnone"
                                                           display="inherit"/>
                                                        <g id="sid-67A04A9B-5FBF-470A-9273-8CC721F7558Cloop"
                                                           display="none">
                                                            <path oryx:anchors="bottom"
                                                                  stroke="#000000"
                                                                  style="opacity:1;fill:none;fill-opacity:1;stroke-width:1.5;stroke-linecap:round;stroke-linejoin:round;stroke-miterlimit:2.0999999;stroke-dasharray:none;stroke-opacity:1"
                                                                  id="sid-67A04A9B-5FBF-470A-9273-8CC721F7558Cpath2396"
                                                                  d="M 49.5,72 L 49.5,75 L 46.5,75 M 49.5,75 A 4.875,4.875 0 1 1 53.5,75"
                                                                  transform="translate(-15.5)"/>
                                                        </g>
                                                        <g id="sid-67A04A9B-5FBF-470A-9273-8CC721F7558Cparallel"
                                                           display="none">
                                                            <path id="sid-67A04A9B-5FBF-470A-9273-8CC721F7558Cparallelpath"
                                                                  oryx:anchors="bottom"
                                                                  fill="none"
                                                                  stroke="#000000"
                                                                  d="M46 65 v10 M50 65 v10 M54 65 v10"
                                                                  stroke-width="2"
                                                                  transform="translate(-14)"/>
                                                        </g>
                                                        <g id="sid-67A04A9B-5FBF-470A-9273-8CC721F7558Csequential"
                                                           display="none">
                                                            <path id="sid-67A04A9B-5FBF-470A-9273-8CC721F7558Csequentialpath"
                                                                  oryx:anchors="bottom"
                                                                  fill="none"
                                                                  stroke="#000000"
                                                                  stroke-width="2"
                                                                  d="M45,67 h10 M45,71 h10 M45,75 h10"
                                                                  transform="translate(-14)"/>
                                                        </g>
                                                        <g id="sid-67A04A9B-5FBF-470A-9273-8CC721F7558Cadhoc"
                                                           transform="translate(16)"
                                                           display="none">
                                                            <path id="sid-67A04A9B-5FBF-470A-9273-8CC721F7558Cadhocpath"
                                                                  d="m 55,70 0,2.0343 c -0.54305,0.60192 -1.04853,1.0324 -1.51647,1.29142 -0.46216,0.25908 -0.94744,0.38857 -1.4558,0.38857 -0.57194,0 -1.23628,-0.22473 -1.99307,-0.67428 -0.0577,-0.0306 -0.10111,-0.0534 -0.12999,-0.0687 -0.0346,-0.0228 -0.0896,-0.0533 -0.16464,-0.0915 -0.80878,-0.47234 -1.4558,-0.70857 -1.94107,-0.70857 -0.46217,0 -0.91566,0.14858 -1.36047,0.44576 -0.44485,0.2895 -0.92434,0.75046 -1.43849,1.38285 l 0,-2.03429 c 0.54881,-0.60194 1.05431,-1.0324 1.51647,-1.29147 0.46793,-0.26666 0.9532,-0.39999 1.45581,-0.39999 0.57191,0 1.24205,0.22856 2.01039,0.68574 0.0461,0.0308 0.0838,0.0533 0.11266,0.0687 0.0404,0.0228 0.0982,0.0533 0.1733,0.0913 0.803,0.4724 1.45002,0.70861 1.94108,0.70857 0.44481,4e-5 0.88676,-0.14475 1.32581,-0.43429 0.43905,-0.2895 0.9272,-0.75425 1.46448,-1.39428"
                                                                  oryx:anchors="bottom"
                                                                  stroke="#000000"
                                                                  fill="black"
                                                                  stroke-width="1"/>
                                                        </g>
                                                        <g id="sid-67A04A9B-5FBF-470A-9273-8CC721F7558Ccompensation"
                                                           display="none">
                                                            <path id="sid-67A04A9B-5FBF-470A-9273-8CC721F7558Ccompensationpath"
                                                                  oryx:anchors="bottom"
                                                                  fill="none"
                                                                  stroke="#000000"
                                                                  d="M 50 70 L 55 65 L 55 75z M44.7 70 L49.7 75 L 49.7 65z"
                                                                  stroke-width="1"
                                                                  transform="translate(-27,0)"/>
                                                        </g>
                                                    </g>
                                                </g>
                                                <g class="children"
                                                   style="overflow:hidden"/>
                                                <g class="edge"/>
                                            </g>
                                            <g class="controls">
                                                <g class="dockers"/>
                                                <g class="magnets"
                                                   transform="translate(402.5, 465)">
                                                    <g pointer-events="all"
                                                       display="none"
                                                       transform="translate(-7, 12)">
                                                        <circle cx="8" cy="8"
                                                                r="4"
                                                                stroke="none"
                                                                fill="red"
                                                                fill-opacity="0.3"/>
                                                    </g>
                                                    <g pointer-events="all"
                                                       display="none"
                                                       transform="translate(-7, 32)">
                                                        <circle cx="8" cy="8"
                                                                r="4"
                                                                stroke="none"
                                                                fill="red"
                                                                fill-opacity="0.3"/>
                                                    </g>
                                                    <g pointer-events="all"
                                                       display="none"
                                                       transform="translate(-7, 52)">
                                                        <circle cx="8" cy="8"
                                                                r="4"
                                                                stroke="none"
                                                                fill="red"
                                                                fill-opacity="0.3"/>
                                                    </g>
                                                    <g pointer-events="all"
                                                       display="none"
                                                       transform="translate(17, 71)">
                                                        <circle cx="8" cy="8"
                                                                r="4"
                                                                stroke="none"
                                                                fill="red"
                                                                fill-opacity="0.3"/>
                                                    </g>
                                                    <g pointer-events="all"
                                                       display="none"
                                                       transform="translate(42, 71)">
                                                        <circle cx="8" cy="8"
                                                                r="4"
                                                                stroke="none"
                                                                fill="red"
                                                                fill-opacity="0.3"/>
                                                    </g>
                                                    <g pointer-events="all"
                                                       display="none"
                                                       transform="translate(67, 71)">
                                                        <circle cx="8" cy="8"
                                                                r="4"
                                                                stroke="none"
                                                                fill="red"
                                                                fill-opacity="0.3"/>
                                                    </g>
                                                    <g pointer-events="all"
                                                       display="none"
                                                       transform="translate(91, 12)">
                                                        <circle cx="8" cy="8"
                                                                r="4"
                                                                stroke="none"
                                                                fill="red"
                                                                fill-opacity="0.3"/>
                                                    </g>
                                                    <g pointer-events="all"
                                                       display="none"
                                                       transform="translate(91, 32)">
                                                        <circle cx="8" cy="8"
                                                                r="4"
                                                                stroke="none"
                                                                fill="red"
                                                                fill-opacity="0.3"/>
                                                    </g>
                                                    <g pointer-events="all"
                                                       display="none"
                                                       transform="translate(91, 52)">
                                                        <circle cx="8" cy="8"
                                                                r="4"
                                                                stroke="none"
                                                                fill="red"
                                                                fill-opacity="0.3"/>
                                                    </g>
                                                    <g pointer-events="all"
                                                       display="none"
                                                       transform="translate(17, -7)">
                                                        <circle cx="8" cy="8"
                                                                r="4"
                                                                stroke="none"
                                                                fill="red"
                                                                fill-opacity="0.3"/>
                                                    </g>
                                                    <g pointer-events="all"
                                                       display="none"
                                                       transform="translate(42, -7)">
                                                        <circle cx="8" cy="8"
                                                                r="4"
                                                                stroke="none"
                                                                fill="red"
                                                                fill-opacity="0.3"/>
                                                    </g>
                                                    <g pointer-events="all"
                                                       display="none"
                                                       transform="translate(67, -7)">
                                                        <circle cx="8" cy="8"
                                                                r="4"
                                                                stroke="none"
                                                                fill="red"
                                                                fill-opacity="0.3"/>
                                                    </g>
                                                    <g pointer-events="all"
                                                       display="none"
                                                       transform="translate(42, 32)">
                                                        <circle cx="8" cy="8"
                                                                r="4"
                                                                stroke="none"
                                                                fill="red"
                                                                fill-opacity="0.3"/>
                                                    </g>
                                                </g>
                                            </g>
                                        </g>
                                    </g>
                                    <g class="edge"/>
                                </g>
                                <g class="controls">
                                    <g class="dockers"/>
                                    <g class="magnets"
                                       transform="translate(30, 0)">
                                        <g pointer-events="all" display="none"
                                           transform="translate(332, 283.5)">
                                            <circle cx="8" cy="8" r="4"
                                                    stroke="none" fill="red"
                                                    fill-opacity="0.3"/>
                                        </g>
                                    </g>
                                </g>
                            </g>
                        </g>
                        <g class="edge"/>
                    </g>
                    <g class="controls">
                        <g class="dockers"/>
                        <g class="magnets" transform="translate(30, 30)">
                            <g pointer-events="all" display="none"
                               transform="translate(-8, 281.168)">
                                <circle cx="8" cy="8" r="4" stroke="none"
                                        fill="red" fill-opacity="0.3"/>
                            </g>
                            <g pointer-events="all" display="none"
                               transform="translate(345.81666666666666, 574)">
                                <circle cx="8" cy="8" r="4" stroke="none"
                                        fill="red" fill-opacity="0.3"/>
                            </g>
                            <g pointer-events="all" display="none"
                               transform="translate(701, 281.168)">
                                <circle cx="8" cy="8" r="4" stroke="none"
                                        fill="red" fill-opacity="0.3"/>
                            </g>
                            <g pointer-events="all" display="none"
                               transform="translate(345.81666666666666, -8)">
                                <circle cx="8" cy="8" r="4" stroke="none"
                                        fill="red" fill-opacity="0.3"/>
                            </g>
                            <g pointer-events="all" display="none"
                               transform="translate(345.81666666666666, 281.168)">
                                <circle cx="8" cy="8" r="4" stroke="none"
                                        fill="red" fill-opacity="0.3"/>
                            </g>
                        </g>
                    </g>
                </g>
            </g>
            <g class="edge">
                <g id="svg-sid-6469A686-F148-4E90-81BB-5D3305421758">
                    <g class="stencils">
                        <g class="me">
                            <g pointer-events="painted">
                                <path id="sid-D8490222-0428-4391-AAA1-AC11112269BF_1"
                                      d="M130.625 95L208.5 95 " stroke="black"
                                      fill="none" stroke-width="2"
                                      stroke-linecap="round"
                                      stroke-linejoin="round"
                                      marker-start="url(#sid-D8490222-0428-4391-AAA1-AC11112269BFstart)"
                                      marker-end="url(#sid-D8490222-0428-4391-AAA1-AC11112269BFend)"/>
                            </g>
                            <text id="sid-D8490222-0428-4391-AAA1-AC11112269BFtext_name"
                                  x="138" y="87" oryx:edgePosition="startTop"
                                  stroke-width="0pt" letter-spacing="-0.01px"
                                  transform="rotate(360 130 95)"
                                  oryx:fontSize="12" text-anchor="start"/>
                        </g>
                        <g class="children" style="overflow:hidden"/>
                        <g class="edge"/>
                    </g>
                    <g class="controls">
                        <g class="dockers"/>
                        <g class="magnets"/>
                    </g>
                </g>
                <g id="svg-sid-0B133E7E-E6B3-4578-8F8F-1C9DA5D8A015">
                    <g class="stencils">
                        <g class="me">
                            <g pointer-events="painted">
                                <path id="sid-B3D03CFA-1FB6-4430-9B9F-61182A3DCEE1_1"
                                      d="M259.1722240306224 135.47264719625244L259.4098072193776 191.30469655374756 "
                                      stroke="black" fill="none"
                                      stroke-width="2" stroke-linecap="round"
                                      stroke-linejoin="round"
                                      marker-start="url(#sid-B3D03CFA-1FB6-4430-9B9F-61182A3DCEE1start)"
                                      marker-end="url(#sid-B3D03CFA-1FB6-4430-9B9F-61182A3DCEE1end)"/>
                            </g>
                            <text id="sid-B3D03CFA-1FB6-4430-9B9F-61182A3DCEE1text_name"
                                  x="267" y="127" oryx:edgePosition="startTop"
                                  stroke-width="0pt" letter-spacing="-0.01px"
                                  transform="rotate(89.75618964389571 259 135)"
                                  oryx:fontSize="12" text-anchor="start"/>
                        </g>
                        <g class="children" style="overflow:hidden"/>
                        <g class="edge"/>
                    </g>
                    <g class="controls">
                        <g class="dockers"/>
                        <g class="magnets"/>
                    </g>
                </g>
                <g id="svg-sid-36EA1BBD-FB84-4C19-AEFA-5C731F9C8789">
                    <g class="stencils">
                        <g class="me">
                            <g pointer-events="painted">
                                <path id="sid-45DC7AC0-3D34-4E1E-BE8F-F8BE0B928F96_1"
                                      d="M570.046875 212L677 212 L677 95 L389.0888671875 95 "
                                      stroke="black" fill="none"
                                      stroke-width="2" stroke-linecap="round"
                                      stroke-linejoin="round"
                                      marker-start="url(#sid-45DC7AC0-3D34-4E1E-BE8F-F8BE0B928F96start)"
                                      marker-end="url(#sid-45DC7AC0-3D34-4E1E-BE8F-F8BE0B928F96end)"/>
                            </g>
                            <text id="sid-45DC7AC0-3D34-4E1E-BE8F-F8BE0B928F96text_name"
                                  x="578" y="204" oryx:edgePosition="startTop"
                                  stroke-width="0pt" letter-spacing="-0.01px"
                                  transform="rotate(360 570 212)"
                                  oryx:fontSize="12" text-anchor="start"/>
                        </g>
                        <g class="children" style="overflow:hidden"/>
                        <g class="edge"/>
                    </g>
                    <g class="controls">
                        <g class="dockers"/>
                        <g class="magnets"/>
                    </g>
                </g>
                <g id="svg-sid-979356AC-A00F-456E-9790-39D512F50D3C">
                    <g class="stencils">
                        <g class="me">
                            <g pointer-events="painted">
                                <path id="sid-9F820265-2B7D-4431-B01C-3273844D86EF_1"
                                      d="M562.978515625 317L677 317 L677 95 L389.0888671875 95 "
                                      stroke="black" fill="none"
                                      stroke-width="2" stroke-linecap="round"
                                      stroke-linejoin="round"
                                      marker-start="url(#sid-9F820265-2B7D-4431-B01C-3273844D86EFstart)"
                                      marker-end="url(#sid-9F820265-2B7D-4431-B01C-3273844D86EFend)"/>
                            </g>
                            <text id="sid-9F820265-2B7D-4431-B01C-3273844D86EFtext_name"
                                  x="570" y="309" oryx:edgePosition="startTop"
                                  stroke-width="0pt" letter-spacing="-0.01px"
                                  transform="rotate(360 562 317)"
                                  oryx:fontSize="12" text-anchor="start"/>
                        </g>
                        <g class="children" style="overflow:hidden"/>
                        <g class="edge"/>
                    </g>
                    <g class="controls">
                        <g class="dockers"/>
                        <g class="magnets"/>
                    </g>
                </g>
                <g id="svg-sid-85975D4B-1DC8-4998-A7DF-6F9C31861EE7">
                    <g class="stencils">
                        <g class="me">
                            <g pointer-events="painted">
                                <path id="sid-2212B4F0-6714-404A-A7DE-38E2234364FD_1"
                                      d="M279.2773417971553 212.46091434427439L454.1796894528447 212.11525753072561 "
                                      stroke="black" fill="none"
                                      stroke-width="2" stroke-linecap="round"
                                      stroke-linejoin="round"
                                      marker-start="url(#sid-2212B4F0-6714-404A-A7DE-38E2234364FDstart)"
                                      marker-end="url(#sid-2212B4F0-6714-404A-A7DE-38E2234364FDend)"/>
                            </g>
                            <text id="sid-2212B4F0-6714-404A-A7DE-38E2234364FDtext_name"
                                  x="287" y="204" oryx:edgePosition="startTop"
                                  stroke-width="0pt" letter-spacing="-0.01px"
                                  transform="rotate(359.8867673815813 279 212)"
                                  oryx:fontSize="12" text-anchor="start">
                                <tspan dy="0" x="287" y="204">
                                    Messages
                                </tspan>
                            </text>
                        </g>
                        <g class="children" style="overflow:hidden"/>
                        <g class="edge"/>
                    </g>
                    <g class="controls">
                        <g class="dockers"/>
                        <g class="magnets"/>
                    </g>
                </g>
                <g id="svg-sid-ECE4F718-B986-45F1-8B0C-C0C1DAE66DB3">
                    <g class="stencils">
                        <g class="me">
                            <g pointer-events="painted">
                                <path id="sid-E5B53F06-AE3C-479E-8A80-DA6508F357D2_1"
                                      d="M259.5 232.10546875L259.5 429 L462.0859375 429 "
                                      stroke="black" fill="none"
                                      stroke-width="2" stroke-linecap="round"
                                      stroke-linejoin="round"
                                      marker-start="url(#sid-E5B53F06-AE3C-479E-8A80-DA6508F357D2start)"
                                      marker-end="url(#sid-E5B53F06-AE3C-479E-8A80-DA6508F357D2end)"/>
                            </g>
                            <text id="sid-E5B53F06-AE3C-479E-8A80-DA6508F357D2text_name"
                                  x="251" y="224" oryx:edgePosition="startTop"
                                  stroke-width="0pt" letter-spacing="-0.01px"
                                  transform="rotate(-90 259 232)"
                                  oryx:fontSize="12" text-anchor="end">
                                <tspan dy="0" x="251" y="224">
                                    Message Interrupts
                                </tspan>
                            </text>
                        </g>
                        <g class="children" style="overflow:hidden"/>
                        <g class="edge"/>
                    </g>
                    <g class="controls">
                        <g class="dockers"/>
                        <g class="magnets"/>
                    </g>
                </g>
                <g id="svg-sid-488CD0F1-E280-4BDE-B794-64CAF8C4FCA8">
                    <g class="stencils">
                        <g class="me">
                            <g pointer-events="painted">
                                <path id="sid-6CD71258-0B10-46E4-9AE4-D31C99A90C37_1"
                                      d="M268.9227993936929 223.8836131403573L346 317 L462.0703125 317 "
                                      stroke="black" fill="none"
                                      stroke-width="2" stroke-linecap="round"
                                      stroke-linejoin="round"
                                      marker-start="url(#sid-6CD71258-0B10-46E4-9AE4-D31C99A90C37start)"
                                      marker-end="url(#sid-6CD71258-0B10-46E4-9AE4-D31C99A90C37end)"/>
                            </g>
                            <text id="sid-6CD71258-0B10-46E4-9AE4-D31C99A90C37text_name"
                                  x="276" y="215" oryx:edgePosition="startTop"
                                  stroke-width="0pt" letter-spacing="-0.01px"
                                  transform="rotate(50.38370167681177 268 223)"
                                  oryx:fontSize="12" text-anchor="start">
                                <tspan dy="0" x="276" y="215">
                                    Scripts
                                </tspan>
                            </text>
                        </g>
                        <g class="children" style="overflow:hidden"/>
                        <g class="edge"/>
                    </g>
                    <g class="controls">
                        <g class="dockers"/>
                        <g class="magnets"/>
                    </g>
                </g>
                <g id="svg-sid-9AD6C46B-BC40-4D3A-91E2-8E933EF9ADF0">
                    <g class="stencils">
                        <g class="me">
                            <g pointer-events="painted">
                                <path id="sid-1CAB8095-6DC3-4775-8AA4-A0960215E746_1"
                                      d="M270.08227554756814 201.68767498400646L364.36694320243186 105.35334064099352 "
                                      stroke="black" fill="none"
                                      stroke-width="2" stroke-linecap="round"
                                      stroke-linejoin="round"
                                      marker-start="url(#sid-1CAB8095-6DC3-4775-8AA4-A0960215E746start)"
                                      marker-end="url(#sid-1CAB8095-6DC3-4775-8AA4-A0960215E746end)"/>
                            </g>
                            <text id="sid-1CAB8095-6DC3-4775-8AA4-A0960215E746text_name"
                                  x="278" y="193" oryx:edgePosition="startTop"
                                  stroke-width="0pt" letter-spacing="-0.01px"
                                  transform="rotate(314.3839400916008 270 201)"
                                  oryx:fontSize="12" text-anchor="start">
                                <tspan dy="0" x="278" y="193">
                                    Tests Done
                                </tspan>
                            </text>
                        </g>
                        <g class="children" style="overflow:hidden"/>
                        <g class="edge"/>
                    </g>
                    <g class="controls">
                        <g class="dockers"/>
                        <g class="magnets"/>
                    </g>
                </g>
                <g id="svg-sid-B7DB2642-79A3-4D7B-9CB6-06C4854E4C9D">
                    <g class="stencils">
                        <g class="me">
                            <g pointer-events="painted">
                                <path id="sid-AF068CB6-F38D-4118-AD60-C64F4CB26EF2_1"
                                      d="M562.978515625 429L677 429 L677 95 L389.0888671875 95 "
                                      stroke="black" fill="none"
                                      stroke-width="2" stroke-linecap="round"
                                      stroke-linejoin="round"
                                      marker-start="url(#sid-AF068CB6-F38D-4118-AD60-C64F4CB26EF2start)"
                                      marker-end="url(#sid-AF068CB6-F38D-4118-AD60-C64F4CB26EF2end)"/>
                            </g>
                            <text id="sid-AF068CB6-F38D-4118-AD60-C64F4CB26EF2text_name"
                                  x="570" y="421" oryx:edgePosition="startTop"
                                  stroke-width="0pt" letter-spacing="-0.01px"
                                  transform="rotate(360 562 429)"
                                  oryx:fontSize="12" text-anchor="start"/>
                        </g>
                        <g class="children" style="overflow:hidden"/>
                        <g class="edge"/>
                    </g>
                    <g class="controls">
                        <g class="dockers"/>
                        <g class="magnets"/>
                    </g>
                </g>
                <g id="svg-sid-BFCB2CAC-CE5B-4EA2-8A4D-339D7D5894A4">
                    <g class="stencils">
                        <g class="me">
                            <g pointer-events="painted">
                                <path id="sid-DBC0C116-D411-4AFD-82AE-9919C8A75658_1"
                                      d="M249.14657152877558 223.49764179832283L147 332 L147 535 L461.529296875 535 "
                                      stroke="black" fill="none"
                                      stroke-width="2" stroke-linecap="round"
                                      stroke-linejoin="round"
                                      marker-start="url(#sid-DBC0C116-D411-4AFD-82AE-9919C8A75658start)"
                                      marker-end="url(#sid-DBC0C116-D411-4AFD-82AE-9919C8A75658end)"/>
                            </g>
                            <text id="sid-DBC0C116-D411-4AFD-82AE-9919C8A75658text_name"
                                  x="241" y="215" oryx:edgePosition="startTop"
                                  stroke-width="0pt" letter-spacing="-0.01px"
                                  transform="rotate(-46.728227650498525 249 223)"
                                  oryx:fontSize="12" text-anchor="end">
                                <tspan dy="0" x="241" y="215">
                                    Message Non Interrupt
                                </tspan>
                            </text>
                        </g>
                        <g class="children" style="overflow:hidden"/>
                        <g class="edge"/>
                    </g>
                    <g class="controls">
                        <g class="dockers"/>
                        <g class="magnets"/>
                    </g>
                </g>
                <g id="svg-sid-EC51B1C2-2A2D-4515-90CF-9CDCF31A8A44">
                    <g class="stencils">
                        <g class="me">
                            <g pointer-events="painted">
                                <path id="sid-5A106F87-A653-4FA6-875C-0E6A0CD4E582_1"
                                      d="M563.40234375 535L677 535 L677 95 L389.0888671875 95 "
                                      stroke="black" fill="none"
                                      stroke-width="2" stroke-linecap="round"
                                      stroke-linejoin="round"
                                      marker-start="url(#sid-5A106F87-A653-4FA6-875C-0E6A0CD4E582start)"
                                      marker-end="url(#sid-5A106F87-A653-4FA6-875C-0E6A0CD4E582end)"/>
                            </g>
                            <text id="sid-5A106F87-A653-4FA6-875C-0E6A0CD4E582text_name"
                                  x="571" y="527" oryx:edgePosition="startTop"
                                  stroke-width="0pt" letter-spacing="-0.01px"
                                  transform="rotate(360 563 535)"
                                  oryx:fontSize="12" text-anchor="start"/>
                        </g>
                        <g class="children" style="overflow:hidden"/>
                        <g class="edge"/>
                    </g>
                    <g class="controls">
                        <g class="dockers"/>
                        <g class="magnets"/>
                    </g>
                </g>
            </g>
        </g>
    </g>
</svg>]]></svg-representation>
</oryxmodel>
